<?xml version="1.0" encoding="UTF-8"?>
<coverage generated="1687205050766" clover="3.2.0">
  <project timestamp="1687205050766" name="All files">
    <metrics statements="455" coveredstatements="277" conditionals="136" coveredconditionals="61" methods="90" coveredmethods="63" elements="681" coveredelements="401" complexity="0" loc="455" ncloc="455" packages="6" files="22" classes="22"/>
    <package name="src">
      <metrics statements="7" coveredstatements="7" conditionals="0" coveredconditionals="0" methods="2" coveredmethods="2"/>
      <file name="app.js" path="C:\Users\Mateus Moraes\Projects\Faculdade\fechadura-back-end\src\app.js">
        <metrics statements="7" coveredstatements="7" conditionals="0" coveredconditionals="0" methods="2" coveredmethods="2"/>
        <line num="7" count="5" type="stmt"/>
        <line num="8" count="5" type="stmt"/>
        <line num="12" count="5" type="stmt"/>
        <line num="15" count="5" type="stmt"/>
        <line num="18" count="5" type="stmt"/>
        <line num="20" count="5" type="stmt"/>
        <line num="22" count="5" type="stmt"/>
      </file>
    </package>
    <package name="src.config">
      <metrics statements="4" coveredstatements="4" conditionals="0" coveredconditionals="0" methods="0" coveredmethods="0"/>
      <file name="dbConnect.js" path="C:\Users\Mateus Moraes\Projects\Faculdade\fechadura-back-end\src\config\dbConnect.js">
        <metrics statements="4" coveredstatements="4" conditionals="0" coveredconditionals="0" methods="0" coveredmethods="0"/>
        <line num="4" count="5" type="stmt"/>
        <line num="6" count="5" type="stmt"/>
        <line num="8" count="5" type="stmt"/>
        <line num="10" count="5" type="stmt"/>
      </file>
    </package>
    <package name="src.controllers">
      <metrics statements="351" coveredstatements="202" conditionals="104" coveredconditionals="50" methods="81" coveredmethods="55"/>
      <file name="grupoPortaController.js" path="C:\Users\Mateus Moraes\Projects\Faculdade\fechadura-back-end\src\controllers\grupoPortaController.js">
        <metrics statements="71" coveredstatements="43" conditionals="22" coveredconditionals="12" methods="16" coveredmethods="13"/>
        <line num="4" count="6" type="stmt"/>
        <line num="5" count="1" type="stmt"/>
        <line num="6" count="1" type="stmt"/>
        <line num="7" count="1" type="stmt"/>
        <line num="8" count="1" type="stmt"/>
        <line num="9" count="1" type="stmt"/>
        <line num="10" count="1" type="stmt"/>
        <line num="12" count="1" type="stmt"/>
        <line num="17" count="1" type="cond" truecount="2" falsecount="2"/>
        <line num="18" count="0" type="stmt"/>
        <line num="19" count="0" type="stmt"/>
        <line num="20" count="0" type="stmt"/>
        <line num="23" count="1" type="cond" truecount="1" falsecount="1"/>
        <line num="25" count="0" type="stmt"/>
        <line num="26" count="0" type="stmt"/>
        <line num="27" count="0" type="stmt"/>
        <line num="30" count="1" type="cond" truecount="1" falsecount="1"/>
        <line num="31" count="0" type="stmt"/>
        <line num="32" count="0" type="stmt"/>
        <line num="33" count="0" type="stmt"/>
        <line num="36" count="1" type="cond" truecount="1" falsecount="1"/>
        <line num="37" count="0" type="stmt"/>
        <line num="38" count="0" type="stmt"/>
        <line num="39" count="0" type="stmt"/>
        <line num="43" count="1" type="stmt"/>
        <line num="44" count="1" type="stmt"/>
        <line num="45" count="1" type="stmt"/>
        <line num="48" count="0" type="stmt"/>
        <line num="52" count="6" type="stmt"/>
        <line num="53" count="2" type="stmt"/>
        <line num="54" count="2" type="stmt"/>
        <line num="56" count="2" type="stmt"/>
        <line num="57" count="1" type="cond" truecount="1" falsecount="1"/>
        <line num="58" count="1" type="stmt"/>
        <line num="60" count="0" type="stmt"/>
        <line num="63" count="1" type="stmt"/>
        <line num="67" count="0" type="stmt"/>
        <line num="71" count="6" type="stmt"/>
        <line num="72" count="2" type="stmt"/>
        <line num="73" count="2" type="stmt"/>
        <line num="75" count="2" type="stmt"/>
        <line num="76" count="1" type="stmt"/>
        <line num="79" count="1" type="stmt"/>
        <line num="83" count="0" type="stmt"/>
        <line num="87" count="6" type="stmt"/>
        <line num="88" count="0" type="stmt"/>
        <line num="89" count="0" type="stmt"/>
        <line num="90" count="0" type="stmt"/>
        <line num="92" count="0" type="stmt"/>
        <line num="93" count="0" type="cond" truecount="0" falsecount="2"/>
        <line num="94" count="0" type="stmt"/>
        <line num="96" count="0" type="stmt"/>
        <line num="98" count="0" type="stmt"/>
        <line num="102" count="0" type="stmt"/>
        <line num="106" count="6" type="stmt"/>
        <line num="107" count="2" type="stmt"/>
        <line num="108" count="2" type="stmt"/>
        <line num="109" count="2" type="stmt"/>
        <line num="111" count="2" type="stmt"/>
        <line num="112" count="1" type="cond" truecount="1" falsecount="1"/>
        <line num="113" count="0" type="stmt"/>
        <line num="115" count="1" type="stmt"/>
        <line num="117" count="1" type="stmt"/>
        <line num="121" count="0" type="stmt"/>
        <line num="125" count="6" type="stmt"/>
        <line num="126" count="2" type="stmt"/>
        <line num="127" count="2" type="stmt"/>
        <line num="129" count="2" type="stmt"/>
        <line num="130" count="1" type="stmt"/>
        <line num="132" count="1" type="stmt"/>
        <line num="135" count="0" type="stmt"/>
      </file>
      <file name="grupoUsuarioController.js" path="C:\Users\Mateus Moraes\Projects\Faculdade\fechadura-back-end\src\controllers\grupoUsuarioController.js">
        <metrics statements="71" coveredstatements="6" conditionals="24" coveredconditionals="0" methods="16" coveredmethods="0"/>
        <line num="4" count="5" type="stmt"/>
        <line num="5" count="0" type="stmt"/>
        <line num="6" count="0" type="stmt"/>
        <line num="7" count="0" type="stmt"/>
        <line num="8" count="0" type="stmt"/>
        <line num="9" count="0" type="stmt"/>
        <line num="10" count="0" type="stmt"/>
        <line num="12" count="0" type="stmt"/>
        <line num="17" count="0" type="cond" truecount="0" falsecount="4"/>
        <line num="18" count="0" type="stmt"/>
        <line num="19" count="0" type="stmt"/>
        <line num="20" count="0" type="stmt"/>
        <line num="23" count="0" type="cond" truecount="0" falsecount="2"/>
        <line num="24" count="0" type="stmt"/>
        <line num="25" count="0" type="stmt"/>
        <line num="26" count="0" type="stmt"/>
        <line num="29" count="0" type="cond" truecount="0" falsecount="2"/>
        <line num="30" count="0" type="stmt"/>
        <line num="31" count="0" type="stmt"/>
        <line num="32" count="0" type="stmt"/>
        <line num="35" count="0" type="cond" truecount="0" falsecount="2"/>
        <line num="36" count="0" type="stmt"/>
        <line num="37" count="0" type="stmt"/>
        <line num="38" count="0" type="stmt"/>
        <line num="42" count="0" type="stmt"/>
        <line num="43" count="0" type="stmt"/>
        <line num="44" count="0" type="stmt"/>
        <line num="47" count="0" type="stmt"/>
        <line num="51" count="5" type="stmt"/>
        <line num="52" count="0" type="stmt"/>
        <line num="53" count="0" type="stmt"/>
        <line num="55" count="0" type="stmt"/>
        <line num="56" count="0" type="cond" truecount="0" falsecount="2"/>
        <line num="57" count="0" type="stmt"/>
        <line num="59" count="0" type="stmt"/>
        <line num="62" count="0" type="stmt"/>
        <line num="65" count="0" type="stmt"/>
        <line num="69" count="5" type="stmt"/>
        <line num="70" count="0" type="stmt"/>
        <line num="71" count="0" type="stmt"/>
        <line num="73" count="0" type="stmt"/>
        <line num="74" count="0" type="stmt"/>
        <line num="76" count="0" type="stmt"/>
        <line num="80" count="0" type="stmt"/>
        <line num="84" count="5" type="stmt"/>
        <line num="85" count="0" type="stmt"/>
        <line num="86" count="0" type="stmt"/>
        <line num="87" count="0" type="stmt"/>
        <line num="89" count="0" type="stmt"/>
        <line num="90" count="0" type="cond" truecount="0" falsecount="2"/>
        <line num="91" count="0" type="stmt"/>
        <line num="93" count="0" type="stmt"/>
        <line num="95" count="0" type="stmt"/>
        <line num="99" count="0" type="stmt"/>
        <line num="103" count="5" type="stmt"/>
        <line num="104" count="0" type="stmt"/>
        <line num="105" count="0" type="stmt"/>
        <line num="106" count="0" type="stmt"/>
        <line num="108" count="0" type="stmt"/>
        <line num="109" count="0" type="cond" truecount="0" falsecount="2"/>
        <line num="110" count="0" type="stmt"/>
        <line num="112" count="0" type="stmt"/>
        <line num="114" count="0" type="stmt"/>
        <line num="118" count="0" type="stmt"/>
        <line num="122" count="5" type="stmt"/>
        <line num="123" count="0" type="stmt"/>
        <line num="124" count="0" type="stmt"/>
        <line num="126" count="0" type="stmt"/>
        <line num="127" count="0" type="stmt"/>
        <line num="129" count="0" type="stmt"/>
        <line num="133" count="0" type="stmt"/>
      </file>
      <file name="loginAutenticacao.js" path="C:\Users\Mateus Moraes\Projects\Faculdade\fechadura-back-end\src\controllers\loginAutenticacao.js">
        <metrics statements="13" coveredstatements="10" conditionals="6" coveredconditionals="4" methods="1" coveredmethods="1"/>
        <line num="8" count="5" type="stmt"/>
        <line num="9" count="5" type="stmt"/>
        <line num="10" count="5" type="stmt"/>
        <line num="12" count="5" type="stmt"/>
        <line num="14" count="4" type="cond" truecount="3" falsecount="1"/>
        <line num="15" count="0" type="stmt"/>
        <line num="18" count="4" type="cond" truecount="1" falsecount="1"/>
        <line num="19" count="0" type="stmt"/>
        <line num="22" count="4" type="stmt"/>
        <line num="24" count="4" type="stmt"/>
        <line num="25" count="4" type="stmt"/>
        <line num="27" count="4" type="stmt"/>
        <line num="45" count="0" type="stmt"/>
      </file>
      <file name="portaController.js" path="C:\Users\Mateus Moraes\Projects\Faculdade\fechadura-back-end\src\controllers\portaController.js">
        <metrics statements="71" coveredstatements="49" conditionals="22" coveredconditionals="14" methods="16" coveredmethods="14"/>
        <line num="5" count="6" type="stmt"/>
        <line num="6" count="2" type="stmt"/>
        <line num="7" count="2" type="stmt"/>
        <line num="8" count="2" type="stmt"/>
        <line num="9" count="2" type="stmt"/>
        <line num="10" count="2" type="stmt"/>
        <line num="11" count="2" type="stmt"/>
        <line num="13" count="2" type="stmt"/>
        <line num="18" count="2" type="cond" truecount="1" falsecount="1"/>
        <line num="19" count="0" type="stmt"/>
        <line num="20" count="0" type="stmt"/>
        <line num="21" count="0" type="stmt"/>
        <line num="24" count="2" type="cond" truecount="1" falsecount="1"/>
        <line num="25" count="0" type="stmt"/>
        <line num="26" count="0" type="stmt"/>
        <line num="27" count="0" type="stmt"/>
        <line num="30" count="2" type="cond" truecount="1" falsecount="1"/>
        <line num="31" count="0" type="stmt"/>
        <line num="32" count="0" type="stmt"/>
        <line num="33" count="0" type="stmt"/>
        <line num="36" count="2" type="cond" truecount="2" falsecount="2"/>
        <line num="37" count="0" type="stmt"/>
        <line num="38" count="0" type="stmt"/>
        <line num="39" count="0" type="stmt"/>
        <line num="42" count="2" type="stmt"/>
        <line num="43" count="2" type="stmt"/>
        <line num="44" count="2" type="stmt"/>
        <line num="47" count="0" type="stmt"/>
        <line num="51" count="6" type="stmt"/>
        <line num="52" count="3" type="stmt"/>
        <line num="53" count="3" type="stmt"/>
        <line num="54" count="3" type="stmt"/>
        <line num="55" count="2" type="cond" truecount="2" falsecount="0"/>
        <line num="56" count="1" type="stmt"/>
        <line num="58" count="1" type="stmt"/>
        <line num="61" count="1" type="stmt"/>
        <line num="64" count="0" type="stmt"/>
        <line num="68" count="6" type="stmt"/>
        <line num="69" count="2" type="stmt"/>
        <line num="70" count="2" type="stmt"/>
        <line num="72" count="2" type="stmt"/>
        <line num="73" count="1" type="stmt"/>
        <line num="75" count="1" type="stmt"/>
        <line num="79" count="0" type="stmt"/>
        <line num="83" count="6" type="stmt"/>
        <line num="84" count="2" type="stmt"/>
        <line num="85" count="2" type="stmt"/>
        <line num="86" count="2" type="stmt"/>
        <line num="88" count="2" type="stmt"/>
        <line num="89" count="1" type="cond" truecount="1" falsecount="1"/>
        <line num="90" count="0" type="stmt"/>
        <line num="92" count="1" type="stmt"/>
        <line num="94" count="1" type="stmt"/>
        <line num="98" count="0" type="stmt"/>
        <line num="102" count="6" type="stmt"/>
        <line num="103" count="1" type="stmt"/>
        <line num="104" count="1" type="stmt"/>
        <line num="105" count="1" type="stmt"/>
        <line num="107" count="1" type="stmt"/>
        <line num="108" count="1" type="cond" truecount="1" falsecount="1"/>
        <line num="109" count="0" type="stmt"/>
        <line num="111" count="1" type="stmt"/>
        <line num="113" count="0" type="stmt"/>
        <line num="116" count="0" type="stmt"/>
        <line num="120" count="6" type="stmt"/>
        <line num="121" count="1" type="stmt"/>
        <line num="122" count="1" type="stmt"/>
        <line num="124" count="1" type="stmt"/>
        <line num="125" count="1" type="stmt"/>
        <line num="127" count="0" type="stmt"/>
        <line num="131" count="0" type="stmt"/>
      </file>
      <file name="rotaController.js" path="C:\Users\Mateus Moraes\Projects\Faculdade\fechadura-back-end\src\controllers\rotaController.js">
        <metrics statements="60" coveredstatements="48" conditionals="16" coveredconditionals="12" methods="16" coveredmethods="14"/>
        <line num="6" count="6" type="stmt"/>
        <line num="7" count="2" type="stmt"/>
        <line num="9" count="2" type="cond" truecount="1" falsecount="1"/>
        <line num="10" count="0" type="stmt"/>
        <line num="13" count="2" type="stmt"/>
        <line num="14" count="2" type="stmt"/>
        <line num="15" count="2" type="stmt"/>
        <line num="18" count="2" type="stmt"/>
        <line num="23" count="2" type="cond" truecount="2" falsecount="0"/>
        <line num="24" count="1" type="stmt"/>
        <line num="25" count="1" type="stmt"/>
        <line num="26" count="1" type="stmt"/>
        <line num="29" count="1" type="stmt"/>
        <line num="30" count="1" type="stmt"/>
        <line num="31" count="1" type="stmt"/>
        <line num="34" count="0" type="stmt"/>
        <line num="35" count="0" type="stmt"/>
        <line num="39" count="6" type="stmt"/>
        <line num="40" count="3" type="stmt"/>
        <line num="41" count="3" type="stmt"/>
        <line num="43" count="3" type="stmt"/>
        <line num="44" count="2" type="cond" truecount="2" falsecount="0"/>
        <line num="45" count="1" type="stmt"/>
        <line num="47" count="1" type="stmt"/>
        <line num="50" count="1" type="stmt"/>
        <line num="54" count="0" type="stmt"/>
        <line num="58" count="6" type="stmt"/>
        <line num="59" count="2" type="stmt"/>
        <line num="60" count="2" type="stmt"/>
        <line num="62" count="2" type="stmt"/>
        <line num="63" count="1" type="stmt"/>
        <line num="65" count="1" type="stmt"/>
        <line num="69" count="0" type="stmt"/>
        <line num="73" count="6" type="stmt"/>
        <line num="74" count="2" type="stmt"/>
        <line num="75" count="2" type="stmt"/>
        <line num="76" count="2" type="stmt"/>
        <line num="78" count="2" type="stmt"/>
        <line num="79" count="1" type="cond" truecount="1" falsecount="1"/>
        <line num="80" count="0" type="stmt"/>
        <line num="82" count="1" type="stmt"/>
        <line num="84" count="1" type="stmt"/>
        <line num="88" count="0" type="stmt"/>
        <line num="92" count="6" type="stmt"/>
        <line num="93" count="1" type="stmt"/>
        <line num="94" count="1" type="stmt"/>
        <line num="95" count="1" type="stmt"/>
        <line num="97" count="1" type="stmt"/>
        <line num="98" count="1" type="cond" truecount="1" falsecount="1"/>
        <line num="99" count="0" type="stmt"/>
        <line num="101" count="1" type="stmt"/>
        <line num="103" count="0" type="stmt"/>
        <line num="107" count="0" type="stmt"/>
        <line num="111" count="6" type="stmt"/>
        <line num="112" count="1" type="stmt"/>
        <line num="113" count="1" type="stmt"/>
        <line num="115" count="1" type="stmt"/>
        <line num="116" count="1" type="stmt"/>
        <line num="118" count="0" type="stmt"/>
        <line num="122" count="0" type="stmt"/>
      </file>
      <file name="usuarioController.js" path="C:\Users\Mateus Moraes\Projects\Faculdade\fechadura-back-end\src\controllers\usuarioController.js">
        <metrics statements="65" coveredstatements="46" conditionals="14" coveredconditionals="8" methods="16" coveredmethods="13"/>
        <line num="6" count="6" type="stmt"/>
        <line num="7" count="2" type="stmt"/>
        <line num="8" count="2" type="stmt"/>
        <line num="9" count="2" type="stmt"/>
        <line num="10" count="2" type="stmt"/>
        <line num="12" count="2" type="stmt"/>
        <line num="17" count="2" type="cond" truecount="1" falsecount="1"/>
        <line num="18" count="0" type="stmt"/>
        <line num="19" count="0" type="stmt"/>
        <line num="21" count="0" type="stmt"/>
        <line num="22" count="0" type="stmt"/>
        <line num="25" count="0" type="stmt"/>
        <line num="26" count="0" type="stmt"/>
        <line num="29" count="0" type="stmt"/>
        <line num="32" count="2" type="stmt"/>
        <line num="33" count="2" type="stmt"/>
        <line num="35" count="2" type="stmt"/>
        <line num="36" count="20" type="stmt"/>
        <line num="39" count="2" type="stmt"/>
        <line num="40" count="20" type="stmt"/>
        <line num="43" count="2" type="stmt"/>
        <line num="46" count="0" type="stmt"/>
        <line num="50" count="6" type="stmt"/>
        <line num="51" count="2" type="stmt"/>
        <line num="52" count="2" type="stmt"/>
        <line num="54" count="2" type="stmt"/>
        <line num="55" count="1" type="cond" truecount="1" falsecount="1"/>
        <line num="56" count="1" type="stmt"/>
        <line num="59" count="0" type="stmt"/>
        <line num="62" count="1" type="stmt"/>
        <line num="67" count="0" type="stmt"/>
        <line num="71" count="6" type="stmt"/>
        <line num="72" count="2" type="stmt"/>
        <line num="73" count="2" type="stmt"/>
        <line num="75" count="2" type="stmt"/>
        <line num="76" count="1" type="stmt"/>
        <line num="79" count="1" type="stmt"/>
        <line num="83" count="0" type="stmt"/>
        <line num="87" count="6" type="stmt"/>
        <line num="88" count="2" type="stmt"/>
        <line num="89" count="2" type="stmt"/>
        <line num="90" count="2" type="stmt"/>
        <line num="92" count="2" type="stmt"/>
        <line num="93" count="1" type="cond" truecount="1" falsecount="1"/>
        <line num="94" count="0" type="stmt"/>
        <line num="96" count="1" type="stmt"/>
        <line num="99" count="1" type="stmt"/>
        <line num="104" count="0" type="stmt"/>
        <line num="108" count="6" type="stmt"/>
        <line num="109" count="1" type="stmt"/>
        <line num="110" count="1" type="stmt"/>
        <line num="111" count="1" type="stmt"/>
        <line num="113" count="1" type="stmt"/>
        <line num="114" count="0" type="cond" truecount="0" falsecount="2"/>
        <line num="115" count="0" type="stmt"/>
        <line num="117" count="0" type="stmt"/>
        <line num="119" count="0" type="stmt"/>
        <line num="123" count="1" type="stmt"/>
        <line num="128" count="6" type="stmt"/>
        <line num="129" count="1" type="stmt"/>
        <line num="130" count="1" type="stmt"/>
        <line num="132" count="1" type="stmt"/>
        <line num="133" count="1" type="stmt"/>
        <line num="135" count="0" type="stmt"/>
        <line num="139" count="0" type="stmt"/>
      </file>
    </package>
    <package name="src.middlewares">
      <metrics statements="62" coveredstatements="34" conditionals="32" coveredconditionals="11" methods="5" coveredmethods="5"/>
      <file name="AuthMiddleware.js" path="C:\Users\Mateus Moraes\Projects\Faculdade\fechadura-back-end\src\middlewares\AuthMiddleware.js">
        <metrics statements="11" coveredstatements="8" conditionals="4" coveredconditionals="2" methods="2" coveredmethods="2"/>
        <line num="3" count="5" type="stmt"/>
        <line num="4" count="41" type="stmt"/>
        <line num="5" count="41" type="stmt"/>
        <line num="7" count="41" type="cond" truecount="1" falsecount="1"/>
        <line num="8" count="0" type="stmt"/>
        <line num="11" count="41" type="stmt"/>
        <line num="13" count="41" type="stmt"/>
        <line num="14" count="41" type="cond" truecount="1" falsecount="1"/>
        <line num="15" count="0" type="stmt"/>
        <line num="18" count="41" type="stmt"/>
        <line num="22" count="0" type="stmt"/>
      </file>
      <file name="AuthPermission.js" path="C:\Users\Mateus Moraes\Projects\Faculdade\fechadura-back-end\src\middlewares\AuthPermission.js">
        <metrics statements="51" coveredstatements="26" conditionals="28" coveredconditionals="9" methods="3" coveredmethods="3"/>
        <line num="7" count="6" type="stmt"/>
        <line num="9" count="6" type="stmt"/>
        <line num="10" count="2" type="stmt"/>
        <line num="11" count="2" type="stmt"/>
        <line num="12" count="2" type="cond" truecount="1" falsecount="1"/>
        <line num="13" count="2" type="stmt"/>
        <line num="14" count="2" type="cond" truecount="1" falsecount="1"/>
        <line num="15" count="0" type="stmt"/>
        <line num="17" count="2" type="stmt"/>
        <line num="19" count="2" type="stmt"/>
        <line num="21" count="0" type="stmt"/>
        <line num="26" count="6" type="stmt"/>
        <line num="27" count="2" type="stmt"/>
        <line num="29" count="2" type="stmt"/>
        <line num="31" count="2" type="cond" truecount="1" falsecount="1"/>
        <line num="32" count="0" type="stmt"/>
        <line num="35" count="2" type="stmt"/>
        <line num="37" count="2" type="cond" truecount="1" falsecount="1"/>
        <line num="38" count="0" type="stmt"/>
        <line num="41" count="2" type="cond" truecount="1" falsecount="1"/>
        <line num="42" count="0" type="stmt"/>
        <line num="45" count="2" type="cond" truecount="1" falsecount="1"/>
        <line num="46" count="0" type="stmt"/>
        <line num="49" count="2" type="stmt"/>
        <line num="51" count="2" type="stmt"/>
        <line num="54" count="2" type="stmt"/>
        <line num="55" count="2" type="cond" truecount="1" falsecount="1"/>
        <line num="56" count="2" type="cond" truecount="1" falsecount="1"/>
        <line num="57" count="2" type="cond" truecount="1" falsecount="1"/>
        <line num="58" count="2" type="stmt"/>
        <line num="59" count="2" type="stmt"/>
        <line num="60" count="2" type="stmt"/>
        <line num="62" count="0" type="stmt"/>
        <line num="63" count="0" type="stmt"/>
        <line num="66" count="0" type="stmt"/>
        <line num="69" count="0" type="stmt"/>
        <line num="75" count="0" type="stmt"/>
        <line num="76" count="0" type="cond" truecount="0" falsecount="2"/>
        <line num="77" count="0" type="stmt"/>
        <line num="78" count="0" type="cond" truecount="0" falsecount="2"/>
        <line num="79" count="0" type="cond" truecount="0" falsecount="2"/>
        <line num="80" count="0" type="cond" truecount="0" falsecount="2"/>
        <line num="81" count="0" type="stmt"/>
        <line num="82" count="0" type="stmt"/>
        <line num="83" count="0" type="stmt"/>
        <line num="85" count="0" type="stmt"/>
        <line num="86" count="0" type="stmt"/>
        <line num="90" count="0" type="stmt"/>
        <line num="95" count="0" type="stmt"/>
        <line num="99" count="0" type="cond" truecount="0" falsecount="2"/>
        <line num="100" count="0" type="stmt"/>
      </file>
    </package>
    <package name="src.models">
      <metrics statements="15" coveredstatements="15" conditionals="0" coveredconditionals="0" methods="0" coveredmethods="0"/>
      <file name="GrupoPorta.js" path="C:\Users\Mateus Moraes\Projects\Faculdade\fechadura-back-end\src\models\GrupoPorta.js">
        <metrics statements="3" coveredstatements="3" conditionals="0" coveredconditionals="0" methods="0" coveredmethods="0"/>
        <line num="4" count="8" type="stmt"/>
        <line num="18" count="8" type="stmt"/>
        <line num="20" count="8" type="stmt"/>
      </file>
      <file name="GrupoUsuario.js" path="C:\Users\Mateus Moraes\Projects\Faculdade\fechadura-back-end\src\models\GrupoUsuario.js">
        <metrics statements="3" coveredstatements="3" conditionals="0" coveredconditionals="0" methods="0" coveredmethods="0"/>
        <line num="4" count="7" type="stmt"/>
        <line num="27" count="7" type="stmt"/>
        <line num="29" count="7" type="stmt"/>
      </file>
      <file name="Porta.js" path="C:\Users\Mateus Moraes\Projects\Faculdade\fechadura-back-end\src\models\Porta.js">
        <metrics statements="3" coveredstatements="3" conditionals="0" coveredconditionals="0" methods="0" coveredmethods="0"/>
        <line num="4" count="6" type="stmt"/>
        <line num="12" count="6" type="stmt"/>
        <line num="14" count="6" type="stmt"/>
      </file>
      <file name="Rota.js" path="C:\Users\Mateus Moraes\Projects\Faculdade\fechadura-back-end\src\models\Rota.js">
        <metrics statements="3" coveredstatements="3" conditionals="0" coveredconditionals="0" methods="0" coveredmethods="0"/>
        <line num="4" count="6" type="stmt"/>
        <line num="17" count="6" type="stmt"/>
        <line num="19" count="6" type="stmt"/>
      </file>
      <file name="Usuario.js" path="C:\Users\Mateus Moraes\Projects\Faculdade\fechadura-back-end\src\models\Usuario.js">
        <metrics statements="3" coveredstatements="3" conditionals="0" coveredconditionals="0" methods="0" coveredmethods="0"/>
        <line num="4" count="7" type="stmt"/>
        <line num="45" count="7" type="stmt"/>
        <line num="47" count="7" type="stmt"/>
      </file>
    </package>
    <package name="src.routes">
      <metrics statements="16" coveredstatements="15" conditionals="0" coveredconditionals="0" methods="2" coveredmethods="1"/>
      <file name="grupoPortaRoutes.js" path="C:\Users\Mateus Moraes\Projects\Faculdade\fechadura-back-end\src\routes\grupoPortaRoutes.js">
        <metrics statements="2" coveredstatements="2" conditionals="0" coveredconditionals="0" methods="0" coveredmethods="0"/>
        <line num="5" count="5" type="stmt"/>
        <line num="311" count="5" type="stmt"/>
      </file>
      <file name="grupoUsuarioRoutes.js" path="C:\Users\Mateus Moraes\Projects\Faculdade\fechadura-back-end\src\routes\grupoUsuarioRoutes.js">
        <metrics statements="2" coveredstatements="2" conditionals="0" coveredconditionals="0" methods="0" coveredmethods="0"/>
        <line num="5" count="5" type="stmt"/>
        <line num="308" count="5" type="stmt"/>
      </file>
      <file name="index.js" path="C:\Users\Mateus Moraes\Projects\Faculdade\fechadura-back-end\src\routes\index.js">
        <metrics statements="4" coveredstatements="3" conditionals="0" coveredconditionals="0" methods="2" coveredmethods="1"/>
        <line num="295" count="5" type="stmt"/>
        <line num="296" count="5" type="stmt"/>
        <line num="297" count="0" type="stmt"/>
        <line num="300" count="5" type="stmt"/>
      </file>
      <file name="loginRoutes.js" path="C:\Users\Mateus Moraes\Projects\Faculdade\fechadura-back-end\src\routes\loginRoutes.js">
        <metrics statements="2" coveredstatements="2" conditionals="0" coveredconditionals="0" methods="0" coveredmethods="0"/>
        <line num="4" count="5" type="stmt"/>
        <line num="60" count="5" type="stmt"/>
      </file>
      <file name="portaRoutes.js" path="C:\Users\Mateus Moraes\Projects\Faculdade\fechadura-back-end\src\routes\portaRoutes.js">
        <metrics statements="2" coveredstatements="2" conditionals="0" coveredconditionals="0" methods="0" coveredmethods="0"/>
        <line num="5" count="5" type="stmt"/>
        <line num="316" count="5" type="stmt"/>
      </file>
      <file name="rotaRoutes.js" path="C:\Users\Mateus Moraes\Projects\Faculdade\fechadura-back-end\src\routes\rotaRoutes.js">
        <metrics statements="2" coveredstatements="2" conditionals="0" coveredconditionals="0" methods="0" coveredmethods="0"/>
        <line num="5" count="5" type="stmt"/>
        <line num="352" count="5" type="stmt"/>
      </file>
      <file name="usuarioRoutes.js" path="C:\Users\Mateus Moraes\Projects\Faculdade\fechadura-back-end\src\routes\usuarioRoutes.js">
        <metrics statements="2" coveredstatements="2" conditionals="0" coveredconditionals="0" methods="0" coveredmethods="0"/>
        <line num="5" count="5" type="stmt"/>
        <line num="338" count="5" type="stmt"/>
      </file>
    </package>
  </project>
</coverage>
