{"/home/mateus/Projetos/fechadura-inteligente/src/app.js": {"path":"/home/mateus/Projetos/fechadura-inteligente/src/app.js","statementMap":{"0":{"start":{"line":7,"column":2},"end":{"line":7,"column":73}},"1":{"start":{"line":8,"column":2},"end":{"line":8,"column":73}},"2":{"start":{"line":8,"column":24},"end":{"line":8,"column":72}},"3":{"start":{"line":12,"column":0},"end":{"line":12,"column":18}},"4":{"start":{"line":15,"column":12},"end":{"line":15,"column":21}},"5":{"start":{"line":18,"column":0},"end":{"line":18,"column":24}},"6":{"start":{"line":20,"column":0},"end":{"line":20,"column":16}},"7":{"start":{"line":22,"column":0},"end":{"line":22,"column":12}}},"fnMap":{"0":{"name":"connectDatabase","decl":{"start":{"line":6,"column":16},"end":{"line":6,"column":31}},"loc":{"start":{"line":6,"column":34},"end":{"line":9,"column":1}},"line":6},"1":{"name":"(anonymous_1)","decl":{"start":{"line":8,"column":18},"end":{"line":8,"column":19}},"loc":{"start":{"line":8,"column":24},"end":{"line":8,"column":72}},"line":8}},"branchMap":{},"s":{"0":1,"1":1,"2":1,"3":1,"4":1,"5":1,"6":1,"7":1},"f":{"0":1,"1":1},"b":{},"_coverageSchema":"1a1c01bbd47fc00a2c39e90264f33305004495a9","hash":"715af13ef75b388586310046d8763ccd68c51833"}
,"/home/mateus/Projetos/fechadura-inteligente/src/config/dbConnect.js": {"path":"/home/mateus/Projetos/fechadura-inteligente/src/config/dbConnect.js","statementMap":{"0":{"start":{"line":4,"column":0},"end":{"line":4,"column":16}},"1":{"start":{"line":6,"column":0},"end":{"line":6,"column":34}},"2":{"start":{"line":8,"column":0},"end":{"line":8,"column":89}},"3":{"start":{"line":10,"column":9},"end":{"line":10,"column":28}}},"fnMap":{},"branchMap":{},"s":{"0":1,"1":1,"2":1,"3":1},"f":{},"b":{},"_coverageSchema":"1a1c01bbd47fc00a2c39e90264f33305004495a9","hash":"87c34e883d90a2adadcfec491890761e8bf86309"}
,"/home/mateus/Projetos/fechadura-inteligente/src/controllers/grupoPortaController.js": {"path":"/home/mateus/Projetos/fechadura-inteligente/src/controllers/grupoPortaController.js","statementMap":{"0":{"start":{"line":4,"column":31},"end":{"line":50,"column":5}},"1":{"start":{"line":5,"column":8},"end":{"line":49,"column":9}},"2":{"start":{"line":6,"column":25},"end":{"line":6,"column":39}},"3":{"start":{"line":7,"column":30},"end":{"line":7,"column":49}},"4":{"start":{"line":8,"column":26},"end":{"line":8,"column":41}},"5":{"start":{"line":9,"column":25},"end":{"line":9,"column":39}},"6":{"start":{"line":10,"column":28},"end":{"line":10,"column":45}},"7":{"start":{"line":12,"column":28},"end":{"line":15,"column":13}},"8":{"start":{"line":17,"column":12},"end":{"line":21,"column":13}},"9":{"start":{"line":18,"column":31},"end":{"line":18,"column":153}},"10":{"start":{"line":19,"column":41},"end":{"line":19,"column":75}},"11":{"start":{"line":20,"column":16},"end":{"line":20,"column":62}},"12":{"start":{"line":23,"column":12},"end":{"line":28,"column":13}},"13":{"start":{"line":25,"column":31},"end":{"line":25,"column":98}},"14":{"start":{"line":26,"column":41},"end":{"line":26,"column":75}},"15":{"start":{"line":27,"column":16},"end":{"line":27,"column":62}},"16":{"start":{"line":30,"column":12},"end":{"line":34,"column":13}},"17":{"start":{"line":31,"column":31},"end":{"line":31,"column":108}},"18":{"start":{"line":32,"column":41},"end":{"line":32,"column":75}},"19":{"start":{"line":33,"column":16},"end":{"line":33,"column":62}},"20":{"start":{"line":36,"column":12},"end":{"line":40,"column":13}},"21":{"start":{"line":37,"column":31},"end":{"line":37,"column":83}},"22":{"start":{"line":38,"column":41},"end":{"line":38,"column":75}},"23":{"start":{"line":39,"column":16},"end":{"line":39,"column":62}},"24":{"start":{"line":43,"column":27},"end":{"line":43,"column":65}},"25":{"start":{"line":44,"column":37},"end":{"line":44,"column":71}},"26":{"start":{"line":45,"column":12},"end":{"line":45,"column":57}},"27":{"start":{"line":48,"column":12},"end":{"line":48,"column":105}}},"fnMap":{"0":{"name":"(anonymous_0)","decl":{"start":{"line":4,"column":31},"end":{"line":4,"column":32}},"loc":{"start":{"line":4,"column":51},"end":{"line":50,"column":5}},"line":4}},"branchMap":{"0":{"loc":{"start":{"line":13,"column":22},"end":{"line":13,"column":41}},"type":"binary-expr","locations":[{"start":{"line":13,"column":22},"end":{"line":13,"column":36}},{"start":{"line":13,"column":40},"end":{"line":13,"column":41}}],"line":13},"1":{"loc":{"start":{"line":14,"column":23},"end":{"line":14,"column":76}},"type":"cond-expr","locations":[{"start":{"line":14,"column":48},"end":{"line":14,"column":50}},{"start":{"line":14,"column":53},"end":{"line":14,"column":76}}],"line":14},"2":{"loc":{"start":{"line":14,"column":53},"end":{"line":14,"column":76}},"type":"binary-expr","locations":[{"start":{"line":14,"column":53},"end":{"line":14,"column":70}},{"start":{"line":14,"column":74},"end":{"line":14,"column":76}}],"line":14},"3":{"loc":{"start":{"line":17,"column":12},"end":{"line":21,"column":13}},"type":"if","locations":[{"start":{"line":17,"column":12},"end":{"line":21,"column":13}},{"start":{},"end":{}}],"line":17},"4":{"loc":{"start":{"line":17,"column":16},"end":{"line":17,"column":33}},"type":"binary-expr","locations":[{"start":{"line":17,"column":16},"end":{"line":17,"column":20}},{"start":{"line":17,"column":24},"end":{"line":17,"column":33}}],"line":17},"5":{"loc":{"start":{"line":23,"column":12},"end":{"line":28,"column":13}},"type":"if","locations":[{"start":{"line":23,"column":12},"end":{"line":28,"column":13}},{"start":{},"end":{}}],"line":23},"6":{"loc":{"start":{"line":30,"column":12},"end":{"line":34,"column":13}},"type":"if","locations":[{"start":{"line":30,"column":12},"end":{"line":34,"column":13}},{"start":{},"end":{}}],"line":30},"7":{"loc":{"start":{"line":36,"column":12},"end":{"line":40,"column":13}},"type":"if","locations":[{"start":{"line":36,"column":12},"end":{"line":40,"column":13}},{"start":{},"end":{}}],"line":36}},"s":{"0":1,"1":0,"2":0,"3":0,"4":0,"5":0,"6":0,"7":0,"8":0,"9":0,"10":0,"11":0,"12":0,"13":0,"14":0,"15":0,"16":0,"17":0,"18":0,"19":0,"20":0,"21":0,"22":0,"23":0,"24":0,"25":0,"26":0,"27":0},"f":{"0":0},"b":{"0":[0,0],"1":[0,0],"2":[0,0],"3":[0,0],"4":[0,0],"5":[0,0],"6":[0,0],"7":[0,0]},"_coverageSchema":"1a1c01bbd47fc00a2c39e90264f33305004495a9","hash":"922e611e397423d214e00a35210cb9dbd9577bc6"}
,"/home/mateus/Projetos/fechadura-inteligente/src/controllers/grupoUsuarioController.js": {"path":"/home/mateus/Projetos/fechadura-inteligente/src/controllers/grupoUsuarioController.js","statementMap":{"0":{"start":{"line":4,"column":33},"end":{"line":49,"column":5}},"1":{"start":{"line":5,"column":8},"end":{"line":48,"column":9}},"2":{"start":{"line":6,"column":25},"end":{"line":6,"column":39}},"3":{"start":{"line":7,"column":30},"end":{"line":7,"column":49}},"4":{"start":{"line":8,"column":26},"end":{"line":8,"column":41}},"5":{"start":{"line":9,"column":25},"end":{"line":9,"column":39}},"6":{"start":{"line":10,"column":28},"end":{"line":10,"column":45}},"7":{"start":{"line":12,"column":28},"end":{"line":15,"column":13}},"8":{"start":{"line":17,"column":12},"end":{"line":21,"column":13}},"9":{"start":{"line":18,"column":38},"end":{"line":18,"column":162}},"10":{"start":{"line":19,"column":44},"end":{"line":19,"column":85}},"11":{"start":{"line":20,"column":16},"end":{"line":20,"column":65}},"12":{"start":{"line":23,"column":12},"end":{"line":27,"column":13}},"13":{"start":{"line":24,"column":38},"end":{"line":24,"column":107}},"14":{"start":{"line":25,"column":44},"end":{"line":25,"column":85}},"15":{"start":{"line":26,"column":16},"end":{"line":26,"column":65}},"16":{"start":{"line":29,"column":12},"end":{"line":33,"column":13}},"17":{"start":{"line":30,"column":38},"end":{"line":30,"column":117}},"18":{"start":{"line":31,"column":44},"end":{"line":31,"column":85}},"19":{"start":{"line":32,"column":16},"end":{"line":32,"column":65}},"20":{"start":{"line":35,"column":12},"end":{"line":39,"column":13}},"21":{"start":{"line":36,"column":38},"end":{"line":36,"column":92}},"22":{"start":{"line":37,"column":44},"end":{"line":37,"column":85}},"23":{"start":{"line":38,"column":16},"end":{"line":38,"column":65}},"24":{"start":{"line":42,"column":34},"end":{"line":42,"column":74}},"25":{"start":{"line":43,"column":40},"end":{"line":43,"column":81}},"26":{"start":{"line":44,"column":12},"end":{"line":44,"column":61}},"27":{"start":{"line":47,"column":12},"end":{"line":47,"column":104}}},"fnMap":{"0":{"name":"(anonymous_0)","decl":{"start":{"line":4,"column":33},"end":{"line":4,"column":34}},"loc":{"start":{"line":4,"column":53},"end":{"line":49,"column":5}},"line":4}},"branchMap":{"0":{"loc":{"start":{"line":13,"column":22},"end":{"line":13,"column":41}},"type":"binary-expr","locations":[{"start":{"line":13,"column":22},"end":{"line":13,"column":36}},{"start":{"line":13,"column":40},"end":{"line":13,"column":41}}],"line":13},"1":{"loc":{"start":{"line":14,"column":23},"end":{"line":14,"column":77}},"type":"cond-expr","locations":[{"start":{"line":14,"column":49},"end":{"line":14,"column":51}},{"start":{"line":14,"column":54},"end":{"line":14,"column":77}}],"line":14},"2":{"loc":{"start":{"line":14,"column":23},"end":{"line":14,"column":46}},"type":"binary-expr","locations":[{"start":{"line":14,"column":23},"end":{"line":14,"column":40}},{"start":{"line":14,"column":44},"end":{"line":14,"column":46}}],"line":14},"3":{"loc":{"start":{"line":14,"column":54},"end":{"line":14,"column":77}},"type":"binary-expr","locations":[{"start":{"line":14,"column":54},"end":{"line":14,"column":71}},{"start":{"line":14,"column":75},"end":{"line":14,"column":77}}],"line":14},"4":{"loc":{"start":{"line":17,"column":12},"end":{"line":21,"column":13}},"type":"if","locations":[{"start":{"line":17,"column":12},"end":{"line":21,"column":13}},{"start":{},"end":{}}],"line":17},"5":{"loc":{"start":{"line":17,"column":16},"end":{"line":17,"column":33}},"type":"binary-expr","locations":[{"start":{"line":17,"column":16},"end":{"line":17,"column":20}},{"start":{"line":17,"column":24},"end":{"line":17,"column":33}}],"line":17},"6":{"loc":{"start":{"line":23,"column":12},"end":{"line":27,"column":13}},"type":"if","locations":[{"start":{"line":23,"column":12},"end":{"line":27,"column":13}},{"start":{},"end":{}}],"line":23},"7":{"loc":{"start":{"line":29,"column":12},"end":{"line":33,"column":13}},"type":"if","locations":[{"start":{"line":29,"column":12},"end":{"line":33,"column":13}},{"start":{},"end":{}}],"line":29},"8":{"loc":{"start":{"line":35,"column":12},"end":{"line":39,"column":13}},"type":"if","locations":[{"start":{"line":35,"column":12},"end":{"line":39,"column":13}},{"start":{},"end":{}}],"line":35}},"s":{"0":1,"1":0,"2":0,"3":0,"4":0,"5":0,"6":0,"7":0,"8":0,"9":0,"10":0,"11":0,"12":0,"13":0,"14":0,"15":0,"16":0,"17":0,"18":0,"19":0,"20":0,"21":0,"22":0,"23":0,"24":0,"25":0,"26":0,"27":0},"f":{"0":0},"b":{"0":[0,0],"1":[0,0],"2":[0,0],"3":[0,0],"4":[0,0],"5":[0,0],"6":[0,0],"7":[0,0],"8":[0,0]},"_coverageSchema":"1a1c01bbd47fc00a2c39e90264f33305004495a9","hash":"27e74b25cdc5de0c767f66a782ea37af6cf2a707"}
,"/home/mateus/Projetos/fechadura-inteligente/src/controllers/portaController.js": {"path":"/home/mateus/Projetos/fechadura-inteligente/src/controllers/portaController.js","statementMap":{"0":{"start":{"line":5,"column":25},"end":{"line":50,"column":5}},"1":{"start":{"line":6,"column":8},"end":{"line":49,"column":9}},"2":{"start":{"line":7,"column":30},"end":{"line":7,"column":49}},"3":{"start":{"line":8,"column":29},"end":{"line":8,"column":47}},"4":{"start":{"line":9,"column":26},"end":{"line":9,"column":41}},"5":{"start":{"line":10,"column":25},"end":{"line":10,"column":39}},"6":{"start":{"line":11,"column":28},"end":{"line":11,"column":45}},"7":{"start":{"line":13,"column":27},"end":{"line":16,"column":13}},"8":{"start":{"line":18,"column":12},"end":{"line":22,"column":13}},"9":{"start":{"line":19,"column":30},"end":{"line":19,"column":101}},"10":{"start":{"line":20,"column":37},"end":{"line":20,"column":70}},"11":{"start":{"line":21,"column":16},"end":{"line":21,"column":58}},"12":{"start":{"line":24,"column":12},"end":{"line":28,"column":13}},"13":{"start":{"line":25,"column":30},"end":{"line":25,"column":100}},"14":{"start":{"line":26,"column":37},"end":{"line":26,"column":70}},"15":{"start":{"line":27,"column":16},"end":{"line":27,"column":58}},"16":{"start":{"line":30,"column":12},"end":{"line":34,"column":13}},"17":{"start":{"line":31,"column":31},"end":{"line":31,"column":77}},"18":{"start":{"line":32,"column":37},"end":{"line":32,"column":70}},"19":{"start":{"line":33,"column":16},"end":{"line":33,"column":58}},"20":{"start":{"line":36,"column":12},"end":{"line":40,"column":13}},"21":{"start":{"line":37,"column":30},"end":{"line":37,"column":154}},"22":{"start":{"line":38,"column":37},"end":{"line":38,"column":70}},"23":{"start":{"line":39,"column":16},"end":{"line":39,"column":58}},"24":{"start":{"line":42,"column":26},"end":{"line":42,"column":58}},"25":{"start":{"line":43,"column":33},"end":{"line":43,"column":66}},"26":{"start":{"line":44,"column":12},"end":{"line":44,"column":54}},"27":{"start":{"line":47,"column":12},"end":{"line":47,"column":105}}},"fnMap":{"0":{"name":"(anonymous_0)","decl":{"start":{"line":5,"column":25},"end":{"line":5,"column":26}},"loc":{"start":{"line":5,"column":45},"end":{"line":50,"column":5}},"line":5}},"branchMap":{"0":{"loc":{"start":{"line":14,"column":22},"end":{"line":14,"column":41}},"type":"binary-expr","locations":[{"start":{"line":14,"column":22},"end":{"line":14,"column":36}},{"start":{"line":14,"column":40},"end":{"line":14,"column":41}}],"line":14},"1":{"loc":{"start":{"line":15,"column":23},"end":{"line":15,"column":76}},"type":"cond-expr","locations":[{"start":{"line":15,"column":48},"end":{"line":15,"column":50}},{"start":{"line":15,"column":53},"end":{"line":15,"column":76}}],"line":15},"2":{"loc":{"start":{"line":15,"column":53},"end":{"line":15,"column":76}},"type":"binary-expr","locations":[{"start":{"line":15,"column":53},"end":{"line":15,"column":70}},{"start":{"line":15,"column":74},"end":{"line":15,"column":76}}],"line":15},"3":{"loc":{"start":{"line":18,"column":12},"end":{"line":22,"column":13}},"type":"if","locations":[{"start":{"line":18,"column":12},"end":{"line":22,"column":13}},{"start":{},"end":{}}],"line":18},"4":{"loc":{"start":{"line":24,"column":12},"end":{"line":28,"column":13}},"type":"if","locations":[{"start":{"line":24,"column":12},"end":{"line":28,"column":13}},{"start":{},"end":{}}],"line":24},"5":{"loc":{"start":{"line":30,"column":12},"end":{"line":34,"column":13}},"type":"if","locations":[{"start":{"line":30,"column":12},"end":{"line":34,"column":13}},{"start":{},"end":{}}],"line":30},"6":{"loc":{"start":{"line":36,"column":12},"end":{"line":40,"column":13}},"type":"if","locations":[{"start":{"line":36,"column":12},"end":{"line":40,"column":13}},{"start":{},"end":{}}],"line":36},"7":{"loc":{"start":{"line":36,"column":16},"end":{"line":36,"column":37}},"type":"binary-expr","locations":[{"start":{"line":36,"column":16},"end":{"line":36,"column":25}},{"start":{"line":36,"column":29},"end":{"line":36,"column":37}}],"line":36}},"s":{"0":1,"1":0,"2":0,"3":0,"4":0,"5":0,"6":0,"7":0,"8":0,"9":0,"10":0,"11":0,"12":0,"13":0,"14":0,"15":0,"16":0,"17":0,"18":0,"19":0,"20":0,"21":0,"22":0,"23":0,"24":0,"25":0,"26":0,"27":0},"f":{"0":0},"b":{"0":[0,0],"1":[0,0],"2":[0,0],"3":[0,0],"4":[0,0],"5":[0,0],"6":[0,0],"7":[0,0]},"_coverageSchema":"1a1c01bbd47fc00a2c39e90264f33305004495a9","hash":"41e51e018d8bca1081de865827115888c8f597f2"}
,"/home/mateus/Projetos/fechadura-inteligente/src/controllers/rotaController.js": {"path":"/home/mateus/Projetos/fechadura-inteligente/src/controllers/rotaController.js","statementMap":{"0":{"start":{"line":5,"column":23},"end":{"line":30,"column":3}},"1":{"start":{"line":6,"column":4},"end":{"line":29,"column":5}},"2":{"start":{"line":7,"column":19},"end":{"line":7,"column":33}},"3":{"start":{"line":8,"column":19},"end":{"line":8,"column":33}},"4":{"start":{"line":9,"column":22},"end":{"line":9,"column":39}},"5":{"start":{"line":12,"column":22},"end":{"line":15,"column":7}},"6":{"start":{"line":17,"column":6},"end":{"line":21,"column":7}},"7":{"start":{"line":18,"column":22},"end":{"line":18,"column":83}},"8":{"start":{"line":19,"column":26},"end":{"line":19,"column":59}},"9":{"start":{"line":20,"column":8},"end":{"line":20,"column":47}},"10":{"start":{"line":23,"column":20},"end":{"line":23,"column":52}},"11":{"start":{"line":24,"column":24},"end":{"line":24,"column":57}},"12":{"start":{"line":25,"column":6},"end":{"line":25,"column":45}},"13":{"start":{"line":28,"column":6},"end":{"line":28,"column":98}},"14":{"start":{"line":32,"column":23},"end":{"line":49,"column":3}},"15":{"start":{"line":33,"column":4},"end":{"line":48,"column":5}},"16":{"start":{"line":34,"column":17},"end":{"line":34,"column":30}},"17":{"start":{"line":36,"column":6},"end":{"line":44,"column":8}},"18":{"start":{"line":37,"column":8},"end":{"line":41,"column":9}},"19":{"start":{"line":38,"column":10},"end":{"line":38,"column":53}},"20":{"start":{"line":40,"column":10},"end":{"line":40,"column":97}},"21":{"start":{"line":43,"column":8},"end":{"line":43,"column":87}},"22":{"start":{"line":47,"column":6},"end":{"line":47,"column":98}},"23":{"start":{"line":51,"column":25},"end":{"line":64,"column":3}},"24":{"start":{"line":52,"column":4},"end":{"line":63,"column":5}},"25":{"start":{"line":53,"column":19},"end":{"line":53,"column":37}},"26":{"start":{"line":55,"column":6},"end":{"line":59,"column":8}},"27":{"start":{"line":56,"column":8},"end":{"line":56,"column":51}},"28":{"start":{"line":58,"column":8},"end":{"line":58,"column":62}},"29":{"start":{"line":62,"column":6},"end":{"line":62,"column":98}},"30":{"start":{"line":66,"column":26},"end":{"line":83,"column":3}},"31":{"start":{"line":67,"column":4},"end":{"line":82,"column":5}},"32":{"start":{"line":68,"column":17},"end":{"line":68,"column":30}},"33":{"start":{"line":69,"column":20},"end":{"line":69,"column":28}},"34":{"start":{"line":71,"column":6},"end":{"line":78,"column":8}},"35":{"start":{"line":72,"column":8},"end":{"line":74,"column":9}},"36":{"start":{"line":73,"column":10},"end":{"line":73,"column":82}},"37":{"start":{"line":75,"column":8},"end":{"line":75,"column":79}},"38":{"start":{"line":77,"column":8},"end":{"line":77,"column":93}},"39":{"start":{"line":81,"column":6},"end":{"line":81,"column":98}},"40":{"start":{"line":85,"column":24},"end":{"line":103,"column":3}},"41":{"start":{"line":86,"column":4},"end":{"line":102,"column":5}},"42":{"start":{"line":87,"column":17},"end":{"line":87,"column":30}},"43":{"start":{"line":88,"column":20},"end":{"line":88,"column":28}},"44":{"start":{"line":90,"column":6},"end":{"line":97,"column":8}},"45":{"start":{"line":91,"column":8},"end":{"line":93,"column":9}},"46":{"start":{"line":92,"column":10},"end":{"line":92,"column":82}},"47":{"start":{"line":94,"column":8},"end":{"line":94,"column":79}},"48":{"start":{"line":96,"column":8},"end":{"line":96,"column":93}},"49":{"start":{"line":101,"column":6},"end":{"line":101,"column":98}},"50":{"start":{"line":105,"column":23},"end":{"line":118,"column":3}},"51":{"start":{"line":106,"column":4},"end":{"line":117,"column":5}},"52":{"start":{"line":107,"column":17},"end":{"line":107,"column":30}},"53":{"start":{"line":109,"column":6},"end":{"line":113,"column":8}},"54":{"start":{"line":110,"column":8},"end":{"line":110,"column":77}},"55":{"start":{"line":112,"column":8},"end":{"line":112,"column":74}},"56":{"start":{"line":116,"column":6},"end":{"line":116,"column":98}}},"fnMap":{"0":{"name":"(anonymous_0)","decl":{"start":{"line":5,"column":23},"end":{"line":5,"column":24}},"loc":{"start":{"line":5,"column":43},"end":{"line":30,"column":3}},"line":5},"1":{"name":"(anonymous_1)","decl":{"start":{"line":32,"column":23},"end":{"line":32,"column":24}},"loc":{"start":{"line":32,"column":43},"end":{"line":49,"column":3}},"line":32},"2":{"name":"(anonymous_2)","decl":{"start":{"line":36,"column":35},"end":{"line":36,"column":36}},"loc":{"start":{"line":36,"column":45},"end":{"line":42,"column":7}},"line":36},"3":{"name":"(anonymous_3)","decl":{"start":{"line":42,"column":15},"end":{"line":42,"column":16}},"loc":{"start":{"line":42,"column":25},"end":{"line":44,"column":7}},"line":42},"4":{"name":"(anonymous_4)","decl":{"start":{"line":51,"column":25},"end":{"line":51,"column":26}},"loc":{"start":{"line":51,"column":45},"end":{"line":64,"column":3}},"line":51},"5":{"name":"(anonymous_5)","decl":{"start":{"line":55,"column":29},"end":{"line":55,"column":30}},"loc":{"start":{"line":55,"column":39},"end":{"line":57,"column":7}},"line":55},"6":{"name":"(anonymous_6)","decl":{"start":{"line":57,"column":15},"end":{"line":57,"column":16}},"loc":{"start":{"line":57,"column":25},"end":{"line":59,"column":7}},"line":57},"7":{"name":"(anonymous_7)","decl":{"start":{"line":66,"column":26},"end":{"line":66,"column":27}},"loc":{"start":{"line":66,"column":46},"end":{"line":83,"column":3}},"line":66},"8":{"name":"(anonymous_8)","decl":{"start":{"line":71,"column":51},"end":{"line":71,"column":52}},"loc":{"start":{"line":71,"column":61},"end":{"line":76,"column":7}},"line":71},"9":{"name":"(anonymous_9)","decl":{"start":{"line":76,"column":15},"end":{"line":76,"column":16}},"loc":{"start":{"line":76,"column":26},"end":{"line":78,"column":7}},"line":76},"10":{"name":"(anonymous_10)","decl":{"start":{"line":85,"column":24},"end":{"line":85,"column":25}},"loc":{"start":{"line":85,"column":44},"end":{"line":103,"column":3}},"line":85},"11":{"name":"(anonymous_11)","decl":{"start":{"line":90,"column":86},"end":{"line":90,"column":87}},"loc":{"start":{"line":90,"column":96},"end":{"line":95,"column":7}},"line":90},"12":{"name":"(anonymous_12)","decl":{"start":{"line":95,"column":15},"end":{"line":95,"column":16}},"loc":{"start":{"line":95,"column":26},"end":{"line":97,"column":7}},"line":95},"13":{"name":"(anonymous_13)","decl":{"start":{"line":105,"column":23},"end":{"line":105,"column":24}},"loc":{"start":{"line":105,"column":43},"end":{"line":118,"column":3}},"line":105},"14":{"name":"(anonymous_14)","decl":{"start":{"line":109,"column":44},"end":{"line":109,"column":45}},"loc":{"start":{"line":109,"column":54},"end":{"line":111,"column":7}},"line":109},"15":{"name":"(anonymous_15)","decl":{"start":{"line":111,"column":15},"end":{"line":111,"column":16}},"loc":{"start":{"line":111,"column":26},"end":{"line":113,"column":7}},"line":111}},"branchMap":{"0":{"loc":{"start":{"line":13,"column":14},"end":{"line":13,"column":33}},"type":"binary-expr","locations":[{"start":{"line":13,"column":14},"end":{"line":13,"column":28}},{"start":{"line":13,"column":32},"end":{"line":13,"column":33}}],"line":13},"1":{"loc":{"start":{"line":14,"column":15},"end":{"line":14,"column":68}},"type":"cond-expr","locations":[{"start":{"line":14,"column":40},"end":{"line":14,"column":42}},{"start":{"line":14,"column":45},"end":{"line":14,"column":68}}],"line":14},"2":{"loc":{"start":{"line":14,"column":45},"end":{"line":14,"column":68}},"type":"binary-expr","locations":[{"start":{"line":14,"column":45},"end":{"line":14,"column":62}},{"start":{"line":14,"column":66},"end":{"line":14,"column":68}}],"line":14},"3":{"loc":{"start":{"line":17,"column":6},"end":{"line":21,"column":7}},"type":"if","locations":[{"start":{"line":17,"column":6},"end":{"line":21,"column":7}},{"start":{},"end":{}}],"line":17},"4":{"loc":{"start":{"line":37,"column":8},"end":{"line":41,"column":9}},"type":"if","locations":[{"start":{"line":37,"column":8},"end":{"line":41,"column":9}},{"start":{"line":39,"column":15},"end":{"line":41,"column":9}}],"line":37},"5":{"loc":{"start":{"line":72,"column":8},"end":{"line":74,"column":9}},"type":"if","locations":[{"start":{"line":72,"column":8},"end":{"line":74,"column":9}},{"start":{},"end":{}}],"line":72},"6":{"loc":{"start":{"line":91,"column":8},"end":{"line":93,"column":9}},"type":"if","locations":[{"start":{"line":91,"column":8},"end":{"line":93,"column":9}},{"start":{},"end":{}}],"line":91}},"s":{"0":2,"1":2,"2":2,"3":2,"4":2,"5":2,"6":2,"7":1,"8":1,"9":1,"10":1,"11":1,"12":1,"13":0,"14":2,"15":3,"16":3,"17":3,"18":2,"19":1,"20":1,"21":1,"22":0,"23":2,"24":2,"25":2,"26":2,"27":1,"28":1,"29":0,"30":2,"31":2,"32":2,"33":2,"34":2,"35":1,"36":0,"37":1,"38":1,"39":0,"40":2,"41":0,"42":0,"43":0,"44":0,"45":0,"46":0,"47":0,"48":0,"49":0,"50":2,"51":1,"52":1,"53":1,"54":1,"55":0,"56":0},"f":{"0":2,"1":3,"2":2,"3":1,"4":2,"5":1,"6":1,"7":2,"8":1,"9":1,"10":0,"11":0,"12":0,"13":1,"14":1,"15":0},"b":{"0":[2,2],"1":[0,2],"2":[2,2],"3":[1,1],"4":[1,1],"5":[0,1],"6":[0,0]},"_coverageSchema":"1a1c01bbd47fc00a2c39e90264f33305004495a9","hash":"e54020709b76b25e9f737d376d3f552bd8d25568"}
,"/home/mateus/Projetos/fechadura-inteligente/src/controllers/usuarioController.js": {"path":"/home/mateus/Projetos/fechadura-inteligente/src/controllers/usuarioController.js","statementMap":{"0":{"start":{"line":6,"column":26},"end":{"line":50,"column":3}},"1":{"start":{"line":7,"column":4},"end":{"line":49,"column":5}},"2":{"start":{"line":8,"column":19},"end":{"line":8,"column":33}},"3":{"start":{"line":9,"column":19},"end":{"line":9,"column":33}},"4":{"start":{"line":10,"column":22},"end":{"line":10,"column":39}},"5":{"start":{"line":12,"column":22},"end":{"line":15,"column":7}},"6":{"start":{"line":17,"column":6},"end":{"line":30,"column":7}},"7":{"start":{"line":18,"column":24},"end":{"line":18,"column":89}},"8":{"start":{"line":19,"column":19},"end":{"line":19,"column":54}},"9":{"start":{"line":21,"column":8},"end":{"line":23,"column":9}},"10":{"start":{"line":21,"column":21},"end":{"line":21,"column":22}},"11":{"start":{"line":22,"column":10},"end":{"line":22,"column":116}},"12":{"start":{"line":25,"column":8},"end":{"line":27,"column":9}},"13":{"start":{"line":25,"column":21},"end":{"line":25,"column":22}},"14":{"start":{"line":26,"column":10},"end":{"line":26,"column":110}},"15":{"start":{"line":29,"column":8},"end":{"line":29,"column":42}},"16":{"start":{"line":32,"column":22},"end":{"line":32,"column":58}},"17":{"start":{"line":33,"column":17},"end":{"line":33,"column":52}},"18":{"start":{"line":35,"column":6},"end":{"line":37,"column":7}},"19":{"start":{"line":35,"column":19},"end":{"line":35,"column":20}},"20":{"start":{"line":36,"column":8},"end":{"line":36,"column":114}},"21":{"start":{"line":39,"column":6},"end":{"line":41,"column":7}},"22":{"start":{"line":39,"column":19},"end":{"line":39,"column":20}},"23":{"start":{"line":40,"column":8},"end":{"line":40,"column":108}},"24":{"start":{"line":43,"column":6},"end":{"line":43,"column":40}},"25":{"start":{"line":48,"column":6},"end":{"line":48,"column":98}}},"fnMap":{"0":{"name":"(anonymous_0)","decl":{"start":{"line":6,"column":26},"end":{"line":6,"column":27}},"loc":{"start":{"line":6,"column":46},"end":{"line":50,"column":3}},"line":6}},"branchMap":{"0":{"loc":{"start":{"line":13,"column":14},"end":{"line":13,"column":33}},"type":"binary-expr","locations":[{"start":{"line":13,"column":14},"end":{"line":13,"column":28}},{"start":{"line":13,"column":32},"end":{"line":13,"column":33}}],"line":13},"1":{"loc":{"start":{"line":14,"column":15},"end":{"line":14,"column":68}},"type":"cond-expr","locations":[{"start":{"line":14,"column":40},"end":{"line":14,"column":42}},{"start":{"line":14,"column":45},"end":{"line":14,"column":68}}],"line":14},"2":{"loc":{"start":{"line":14,"column":45},"end":{"line":14,"column":68}},"type":"binary-expr","locations":[{"start":{"line":14,"column":45},"end":{"line":14,"column":62}},{"start":{"line":14,"column":66},"end":{"line":14,"column":68}}],"line":14},"3":{"loc":{"start":{"line":17,"column":6},"end":{"line":30,"column":7}},"type":"if","locations":[{"start":{"line":17,"column":6},"end":{"line":30,"column":7}},{"start":{},"end":{}}],"line":17}},"s":{"0":1,"1":0,"2":0,"3":0,"4":0,"5":0,"6":0,"7":0,"8":0,"9":0,"10":0,"11":0,"12":0,"13":0,"14":0,"15":0,"16":0,"17":0,"18":0,"19":0,"20":0,"21":0,"22":0,"23":0,"24":0,"25":0},"f":{"0":0},"b":{"0":[0,0],"1":[0,0],"2":[0,0],"3":[0,0]},"_coverageSchema":"1a1c01bbd47fc00a2c39e90264f33305004495a9","hash":"612cb2ad6ade4ad4370c2bf34363b2affd6c19d4"}
,"/home/mateus/Projetos/fechadura-inteligente/src/models/GrupoPorta.js": {"path":"/home/mateus/Projetos/fechadura-inteligente/src/models/GrupoPorta.js","statementMap":{"0":{"start":{"line":4,"column":25},"end":{"line":16,"column":1}},"1":{"start":{"line":18,"column":0},"end":{"line":18,"column":42}},"2":{"start":{"line":20,"column":20},"end":{"line":20,"column":67}}},"fnMap":{},"branchMap":{},"s":{"0":1,"1":1,"2":1},"f":{},"b":{},"_coverageSchema":"1a1c01bbd47fc00a2c39e90264f33305004495a9","hash":"532c2366164da45890dbc5d1460579f3edff343b"}
,"/home/mateus/Projetos/fechadura-inteligente/src/models/GrupoUsuario.js": {"path":"/home/mateus/Projetos/fechadura-inteligente/src/models/GrupoUsuario.js","statementMap":{"0":{"start":{"line":4,"column":27},"end":{"line":25,"column":1}},"1":{"start":{"line":27,"column":0},"end":{"line":27,"column":44}},"2":{"start":{"line":29,"column":22},"end":{"line":29,"column":73}}},"fnMap":{},"branchMap":{},"s":{"0":1,"1":1,"2":1},"f":{},"b":{},"_coverageSchema":"1a1c01bbd47fc00a2c39e90264f33305004495a9","hash":"edf6189ac56d05faab7939b0b6f66959be5256dc"}
,"/home/mateus/Projetos/fechadura-inteligente/src/models/Porta.js": {"path":"/home/mateus/Projetos/fechadura-inteligente/src/models/Porta.js","statementMap":{"0":{"start":{"line":4,"column":20},"end":{"line":10,"column":1}},"1":{"start":{"line":12,"column":0},"end":{"line":12,"column":37}},"2":{"start":{"line":14,"column":15},"end":{"line":14,"column":52}}},"fnMap":{},"branchMap":{},"s":{"0":1,"1":1,"2":1},"f":{},"b":{},"_coverageSchema":"1a1c01bbd47fc00a2c39e90264f33305004495a9","hash":"460a44a54bc528c3054c1fdbf927beb334ab96de"}
,"/home/mateus/Projetos/fechadura-inteligente/src/models/Rota.js": {"path":"/home/mateus/Projetos/fechadura-inteligente/src/models/Rota.js","statementMap":{"0":{"start":{"line":4,"column":19},"end":{"line":15,"column":1}},"1":{"start":{"line":17,"column":0},"end":{"line":17,"column":36}},"2":{"start":{"line":19,"column":14},"end":{"line":19,"column":49}}},"fnMap":{},"branchMap":{},"s":{"0":2,"1":2,"2":2},"f":{},"b":{},"_coverageSchema":"1a1c01bbd47fc00a2c39e90264f33305004495a9","hash":"78b350b87db7de2e13b87b56c0dacf51a99c00d3"}
,"/home/mateus/Projetos/fechadura-inteligente/src/models/Usuario.js": {"path":"/home/mateus/Projetos/fechadura-inteligente/src/models/Usuario.js","statementMap":{"0":{"start":{"line":4,"column":22},"end":{"line":89,"column":1}},"1":{"start":{"line":91,"column":0},"end":{"line":91,"column":39}},"2":{"start":{"line":93,"column":17},"end":{"line":93,"column":58}}},"fnMap":{},"branchMap":{},"s":{"0":1,"1":1,"2":1},"f":{},"b":{},"_coverageSchema":"1a1c01bbd47fc00a2c39e90264f33305004495a9","hash":"f447b5615104ce7bbe5e97943555d398f4b20c9c"}
,"/home/mateus/Projetos/fechadura-inteligente/src/routes/grupoPortaRoutes.js": {"path":"/home/mateus/Projetos/fechadura-inteligente/src/routes/grupoPortaRoutes.js","statementMap":{"0":{"start":{"line":4,"column":15},"end":{"line":4,"column":31}},"1":{"start":{"line":6,"column":0},"end":{"line":7,"column":64}}},"fnMap":{},"branchMap":{},"s":{"0":1,"1":1},"f":{},"b":{},"_coverageSchema":"1a1c01bbd47fc00a2c39e90264f33305004495a9","hash":"ae935cc96e91d1b6a58f3e43f96abc8baed83bdc"}
,"/home/mateus/Projetos/fechadura-inteligente/src/routes/grupoUsuarioRoutes.js": {"path":"/home/mateus/Projetos/fechadura-inteligente/src/routes/grupoUsuarioRoutes.js","statementMap":{"0":{"start":{"line":4,"column":15},"end":{"line":4,"column":31}},"1":{"start":{"line":6,"column":0},"end":{"line":7,"column":71}}},"fnMap":{},"branchMap":{},"s":{"0":1,"1":1},"f":{},"b":{},"_coverageSchema":"1a1c01bbd47fc00a2c39e90264f33305004495a9","hash":"2e3416b5e4967af2f8211b32c9320c6b6719b392"}
,"/home/mateus/Projetos/fechadura-inteligente/src/routes/index.js": {"path":"/home/mateus/Projetos/fechadura-inteligente/src/routes/index.js","statementMap":{"0":{"start":{"line":8,"column":15},"end":{"line":22,"column":1}},"1":{"start":{"line":9,"column":2},"end":{"line":11,"column":4}},"2":{"start":{"line":10,"column":4},"end":{"line":10,"column":83}},"3":{"start":{"line":13,"column":2},"end":{"line":20,"column":3}}},"fnMap":{"0":{"name":"(anonymous_0)","decl":{"start":{"line":8,"column":15},"end":{"line":8,"column":16}},"loc":{"start":{"line":8,"column":24},"end":{"line":22,"column":1}},"line":8},"1":{"name":"(anonymous_1)","decl":{"start":{"line":9,"column":21},"end":{"line":9,"column":22}},"loc":{"start":{"line":9,"column":35},"end":{"line":11,"column":3}},"line":9}},"branchMap":{},"s":{"0":1,"1":1,"2":0,"3":1},"f":{"0":1,"1":0},"b":{},"_coverageSchema":"1a1c01bbd47fc00a2c39e90264f33305004495a9","hash":"30df57722ab0f7f8b8c7d187c62f55ecc1d72a3e"}
,"/home/mateus/Projetos/fechadura-inteligente/src/routes/portaRoutes.js": {"path":"/home/mateus/Projetos/fechadura-inteligente/src/routes/portaRoutes.js","statementMap":{"0":{"start":{"line":4,"column":15},"end":{"line":4,"column":31}},"1":{"start":{"line":6,"column":0},"end":{"line":7,"column":48}}},"fnMap":{},"branchMap":{},"s":{"0":1,"1":1},"f":{},"b":{},"_coverageSchema":"1a1c01bbd47fc00a2c39e90264f33305004495a9","hash":"5b36d58bdf3054532d626bcb8070d2f88c4d0b62"}
,"/home/mateus/Projetos/fechadura-inteligente/src/routes/rotaRoutes.js": {"path":"/home/mateus/Projetos/fechadura-inteligente/src/routes/rotaRoutes.js","statementMap":{"0":{"start":{"line":4,"column":15},"end":{"line":4,"column":31}},"1":{"start":{"line":6,"column":0},"end":{"line":12,"column":51}}},"fnMap":{},"branchMap":{},"s":{"0":1,"1":1},"f":{},"b":{},"_coverageSchema":"1a1c01bbd47fc00a2c39e90264f33305004495a9","hash":"79719c8267b3a08f820507976838932021e18cd8"}
,"/home/mateus/Projetos/fechadura-inteligente/src/routes/usuarioRoutes.js": {"path":"/home/mateus/Projetos/fechadura-inteligente/src/routes/usuarioRoutes.js","statementMap":{"0":{"start":{"line":4,"column":15},"end":{"line":4,"column":31}},"1":{"start":{"line":6,"column":0},"end":{"line":7,"column":53}}},"fnMap":{},"branchMap":{},"s":{"0":1,"1":1},"f":{},"b":{},"_coverageSchema":"1a1c01bbd47fc00a2c39e90264f33305004495a9","hash":"b9b8cbc6f9c4dc4362ab8913fb10ad91b460dda4"}
}
