{"C:\\Users\\Mateus Moraes\\Projects\\Faculdade\\fechadura-back-end\\src\\app.js": {"path":"C:\\Users\\Mateus Moraes\\Projects\\Faculdade\\fechadura-back-end\\src\\app.js","statementMap":{"0":{"start":{"line":7,"column":2},"end":{"line":7,"column":73}},"1":{"start":{"line":8,"column":2},"end":{"line":8,"column":73}},"2":{"start":{"line":8,"column":24},"end":{"line":8,"column":72}},"3":{"start":{"line":12,"column":0},"end":{"line":12,"column":18}},"4":{"start":{"line":15,"column":12},"end":{"line":15,"column":21}},"5":{"start":{"line":18,"column":0},"end":{"line":18,"column":24}},"6":{"start":{"line":20,"column":0},"end":{"line":20,"column":16}},"7":{"start":{"line":22,"column":0},"end":{"line":22,"column":12}}},"fnMap":{"0":{"name":"connectDatabase","decl":{"start":{"line":6,"column":16},"end":{"line":6,"column":31}},"loc":{"start":{"line":6,"column":34},"end":{"line":9,"column":1}},"line":6},"1":{"name":"(anonymous_1)","decl":{"start":{"line":8,"column":18},"end":{"line":8,"column":19}},"loc":{"start":{"line":8,"column":24},"end":{"line":8,"column":72}},"line":8}},"branchMap":{},"s":{"0":5,"1":5,"2":4,"3":5,"4":5,"5":5,"6":5,"7":5},"f":{"0":5,"1":4},"b":{},"_coverageSchema":"1a1c01bbd47fc00a2c39e90264f33305004495a9","hash":"380d3b4da3183c8e0b84ab1e2e1df5e37faff1bc"}
,"C:\\Users\\Mateus Moraes\\Projects\\Faculdade\\fechadura-back-end\\src\\config\\dbConnect.js": {"path":"C:\\Users\\Mateus Moraes\\Projects\\Faculdade\\fechadura-back-end\\src\\config\\dbConnect.js","statementMap":{"0":{"start":{"line":4,"column":0},"end":{"line":4,"column":16}},"1":{"start":{"line":6,"column":0},"end":{"line":6,"column":34}},"2":{"start":{"line":8,"column":0},"end":{"line":8,"column":89}},"3":{"start":{"line":10,"column":9},"end":{"line":10,"column":28}}},"fnMap":{},"branchMap":{},"s":{"0":5,"1":5,"2":5,"3":5},"f":{},"b":{},"_coverageSchema":"1a1c01bbd47fc00a2c39e90264f33305004495a9","hash":"688506fac71272cfc7875ec579356a049a5d7a28"}
,"C:\\Users\\Mateus Moraes\\Projects\\Faculdade\\fechadura-back-end\\src\\controllers\\grupoPortaController.js": {"path":"C:\\Users\\Mateus Moraes\\Projects\\Faculdade\\fechadura-back-end\\src\\controllers\\grupoPortaController.js","statementMap":{"0":{"start":{"line":4,"column":31},"end":{"line":50,"column":5}},"1":{"start":{"line":5,"column":8},"end":{"line":49,"column":9}},"2":{"start":{"line":6,"column":25},"end":{"line":6,"column":39}},"3":{"start":{"line":7,"column":30},"end":{"line":7,"column":49}},"4":{"start":{"line":8,"column":26},"end":{"line":8,"column":41}},"5":{"start":{"line":9,"column":25},"end":{"line":9,"column":39}},"6":{"start":{"line":10,"column":28},"end":{"line":10,"column":45}},"7":{"start":{"line":12,"column":28},"end":{"line":15,"column":13}},"8":{"start":{"line":17,"column":12},"end":{"line":21,"column":13}},"9":{"start":{"line":18,"column":31},"end":{"line":18,"column":153}},"10":{"start":{"line":19,"column":41},"end":{"line":19,"column":75}},"11":{"start":{"line":20,"column":16},"end":{"line":20,"column":62}},"12":{"start":{"line":23,"column":12},"end":{"line":28,"column":13}},"13":{"start":{"line":25,"column":31},"end":{"line":25,"column":98}},"14":{"start":{"line":26,"column":41},"end":{"line":26,"column":75}},"15":{"start":{"line":27,"column":16},"end":{"line":27,"column":62}},"16":{"start":{"line":30,"column":12},"end":{"line":34,"column":13}},"17":{"start":{"line":31,"column":31},"end":{"line":31,"column":108}},"18":{"start":{"line":32,"column":41},"end":{"line":32,"column":75}},"19":{"start":{"line":33,"column":16},"end":{"line":33,"column":62}},"20":{"start":{"line":36,"column":12},"end":{"line":40,"column":13}},"21":{"start":{"line":37,"column":31},"end":{"line":37,"column":83}},"22":{"start":{"line":38,"column":41},"end":{"line":38,"column":75}},"23":{"start":{"line":39,"column":16},"end":{"line":39,"column":62}},"24":{"start":{"line":43,"column":27},"end":{"line":43,"column":65}},"25":{"start":{"line":44,"column":37},"end":{"line":44,"column":71}},"26":{"start":{"line":45,"column":12},"end":{"line":45,"column":57}},"27":{"start":{"line":48,"column":12},"end":{"line":48,"column":105}},"28":{"start":{"line":52,"column":32},"end":{"line":69,"column":5}},"29":{"start":{"line":53,"column":8},"end":{"line":68,"column":9}},"30":{"start":{"line":54,"column":23},"end":{"line":54,"column":36}},"31":{"start":{"line":56,"column":12},"end":{"line":64,"column":14}},"32":{"start":{"line":57,"column":16},"end":{"line":61,"column":17}},"33":{"start":{"line":58,"column":20},"end":{"line":58,"column":65}},"34":{"start":{"line":60,"column":20},"end":{"line":60,"column":114}},"35":{"start":{"line":63,"column":16},"end":{"line":63,"column":96}},"36":{"start":{"line":67,"column":12},"end":{"line":67,"column":104}},"37":{"start":{"line":71,"column":33},"end":{"line":85,"column":5}},"38":{"start":{"line":72,"column":8},"end":{"line":84,"column":9}},"39":{"start":{"line":73,"column":27},"end":{"line":73,"column":51}},"40":{"start":{"line":75,"column":12},"end":{"line":80,"column":14}},"41":{"start":{"line":76,"column":16},"end":{"line":76,"column":61}},"42":{"start":{"line":79,"column":16},"end":{"line":79,"column":71}},"43":{"start":{"line":83,"column":12},"end":{"line":83,"column":104}},"44":{"start":{"line":87,"column":28},"end":{"line":104,"column":5}},"45":{"start":{"line":88,"column":8},"end":{"line":103,"column":9}},"46":{"start":{"line":89,"column":23},"end":{"line":89,"column":36}},"47":{"start":{"line":90,"column":26},"end":{"line":90,"column":34}},"48":{"start":{"line":92,"column":12},"end":{"line":99,"column":14}},"49":{"start":{"line":93,"column":16},"end":{"line":95,"column":17}},"50":{"start":{"line":94,"column":20},"end":{"line":94,"column":101}},"51":{"start":{"line":96,"column":16},"end":{"line":96,"column":95}},"52":{"start":{"line":98,"column":16},"end":{"line":98,"column":96}},"53":{"start":{"line":102,"column":12},"end":{"line":102,"column":104}},"54":{"start":{"line":106,"column":26},"end":{"line":123,"column":5}},"55":{"start":{"line":107,"column":8},"end":{"line":122,"column":9}},"56":{"start":{"line":108,"column":23},"end":{"line":108,"column":36}},"57":{"start":{"line":109,"column":26},"end":{"line":109,"column":34}},"58":{"start":{"line":111,"column":12},"end":{"line":118,"column":14}},"59":{"start":{"line":112,"column":16},"end":{"line":114,"column":17}},"60":{"start":{"line":113,"column":20},"end":{"line":113,"column":92}},"61":{"start":{"line":115,"column":16},"end":{"line":115,"column":94}},"62":{"start":{"line":117,"column":16},"end":{"line":117,"column":108}},"63":{"start":{"line":121,"column":12},"end":{"line":121,"column":104}},"64":{"start":{"line":125,"column":31},"end":{"line":137,"column":5}},"65":{"start":{"line":126,"column":8},"end":{"line":136,"column":9}},"66":{"start":{"line":127,"column":23},"end":{"line":127,"column":36}},"67":{"start":{"line":129,"column":12},"end":{"line":133,"column":14}},"68":{"start":{"line":130,"column":16},"end":{"line":130,"column":92}},"69":{"start":{"line":132,"column":16},"end":{"line":132,"column":89}},"70":{"start":{"line":135,"column":12},"end":{"line":135,"column":104}}},"fnMap":{"0":{"name":"(anonymous_0)","decl":{"start":{"line":4,"column":31},"end":{"line":4,"column":32}},"loc":{"start":{"line":4,"column":51},"end":{"line":50,"column":5}},"line":4},"1":{"name":"(anonymous_1)","decl":{"start":{"line":52,"column":32},"end":{"line":52,"column":33}},"loc":{"start":{"line":52,"column":52},"end":{"line":69,"column":5}},"line":52},"2":{"name":"(anonymous_2)","decl":{"start":{"line":56,"column":47},"end":{"line":56,"column":48}},"loc":{"start":{"line":56,"column":59},"end":{"line":62,"column":13}},"line":56},"3":{"name":"(anonymous_3)","decl":{"start":{"line":62,"column":21},"end":{"line":62,"column":22}},"loc":{"start":{"line":62,"column":32},"end":{"line":64,"column":13}},"line":62},"4":{"name":"(anonymous_4)","decl":{"start":{"line":71,"column":33},"end":{"line":71,"column":34}},"loc":{"start":{"line":71,"column":53},"end":{"line":85,"column":5}},"line":71},"5":{"name":"(anonymous_5)","decl":{"start":{"line":75,"column":37},"end":{"line":75,"column":38}},"loc":{"start":{"line":75,"column":49},"end":{"line":78,"column":13}},"line":75},"6":{"name":"(anonymous_6)","decl":{"start":{"line":78,"column":21},"end":{"line":78,"column":22}},"loc":{"start":{"line":78,"column":32},"end":{"line":80,"column":13}},"line":78},"7":{"name":"(anonymous_7)","decl":{"start":{"line":87,"column":28},"end":{"line":87,"column":29}},"loc":{"start":{"line":87,"column":48},"end":{"line":104,"column":5}},"line":87},"8":{"name":"(anonymous_8)","decl":{"start":{"line":92,"column":63},"end":{"line":92,"column":64}},"loc":{"start":{"line":92,"column":75},"end":{"line":97,"column":13}},"line":92},"9":{"name":"(anonymous_9)","decl":{"start":{"line":97,"column":21},"end":{"line":97,"column":22}},"loc":{"start":{"line":97,"column":32},"end":{"line":99,"column":13}},"line":97},"10":{"name":"(anonymous_10)","decl":{"start":{"line":106,"column":26},"end":{"line":106,"column":27}},"loc":{"start":{"line":106,"column":46},"end":{"line":123,"column":5}},"line":106},"11":{"name":"(anonymous_11)","decl":{"start":{"line":111,"column":98},"end":{"line":111,"column":99}},"loc":{"start":{"line":111,"column":110},"end":{"line":116,"column":13}},"line":111},"12":{"name":"(anonymous_12)","decl":{"start":{"line":116,"column":21},"end":{"line":116,"column":22}},"loc":{"start":{"line":116,"column":32},"end":{"line":118,"column":13}},"line":116},"13":{"name":"(anonymous_13)","decl":{"start":{"line":125,"column":31},"end":{"line":125,"column":32}},"loc":{"start":{"line":125,"column":51},"end":{"line":137,"column":5}},"line":125},"14":{"name":"(anonymous_14)","decl":{"start":{"line":129,"column":56},"end":{"line":129,"column":57}},"loc":{"start":{"line":129,"column":68},"end":{"line":131,"column":13}},"line":129},"15":{"name":"(anonymous_15)","decl":{"start":{"line":131,"column":21},"end":{"line":131,"column":22}},"loc":{"start":{"line":131,"column":32},"end":{"line":133,"column":13}},"line":131}},"branchMap":{"0":{"loc":{"start":{"line":13,"column":22},"end":{"line":13,"column":41}},"type":"binary-expr","locations":[{"start":{"line":13,"column":22},"end":{"line":13,"column":36}},{"start":{"line":13,"column":40},"end":{"line":13,"column":41}}],"line":13},"1":{"loc":{"start":{"line":14,"column":23},"end":{"line":14,"column":76}},"type":"cond-expr","locations":[{"start":{"line":14,"column":48},"end":{"line":14,"column":50}},{"start":{"line":14,"column":53},"end":{"line":14,"column":76}}],"line":14},"2":{"loc":{"start":{"line":14,"column":53},"end":{"line":14,"column":76}},"type":"binary-expr","locations":[{"start":{"line":14,"column":53},"end":{"line":14,"column":70}},{"start":{"line":14,"column":74},"end":{"line":14,"column":76}}],"line":14},"3":{"loc":{"start":{"line":17,"column":12},"end":{"line":21,"column":13}},"type":"if","locations":[{"start":{"line":17,"column":12},"end":{"line":21,"column":13}},{"start":{},"end":{}}],"line":17},"4":{"loc":{"start":{"line":17,"column":16},"end":{"line":17,"column":33}},"type":"binary-expr","locations":[{"start":{"line":17,"column":16},"end":{"line":17,"column":20}},{"start":{"line":17,"column":24},"end":{"line":17,"column":33}}],"line":17},"5":{"loc":{"start":{"line":23,"column":12},"end":{"line":28,"column":13}},"type":"if","locations":[{"start":{"line":23,"column":12},"end":{"line":28,"column":13}},{"start":{},"end":{}}],"line":23},"6":{"loc":{"start":{"line":30,"column":12},"end":{"line":34,"column":13}},"type":"if","locations":[{"start":{"line":30,"column":12},"end":{"line":34,"column":13}},{"start":{},"end":{}}],"line":30},"7":{"loc":{"start":{"line":36,"column":12},"end":{"line":40,"column":13}},"type":"if","locations":[{"start":{"line":36,"column":12},"end":{"line":40,"column":13}},{"start":{},"end":{}}],"line":36},"8":{"loc":{"start":{"line":57,"column":16},"end":{"line":61,"column":17}},"type":"if","locations":[{"start":{"line":57,"column":16},"end":{"line":61,"column":17}},{"start":{"line":59,"column":23},"end":{"line":61,"column":17}}],"line":57},"9":{"loc":{"start":{"line":93,"column":16},"end":{"line":95,"column":17}},"type":"if","locations":[{"start":{"line":93,"column":16},"end":{"line":95,"column":17}},{"start":{},"end":{}}],"line":93},"10":{"loc":{"start":{"line":112,"column":16},"end":{"line":114,"column":17}},"type":"if","locations":[{"start":{"line":112,"column":16},"end":{"line":114,"column":17}},{"start":{},"end":{}}],"line":112}},"s":{"0":6,"1":1,"2":1,"3":1,"4":1,"5":1,"6":1,"7":1,"8":1,"9":0,"10":0,"11":0,"12":1,"13":0,"14":0,"15":0,"16":1,"17":0,"18":0,"19":0,"20":1,"21":0,"22":0,"23":0,"24":1,"25":1,"26":1,"27":0,"28":6,"29":2,"30":2,"31":2,"32":1,"33":1,"34":0,"35":1,"36":0,"37":6,"38":2,"39":2,"40":2,"41":1,"42":1,"43":0,"44":6,"45":0,"46":0,"47":0,"48":0,"49":0,"50":0,"51":0,"52":0,"53":0,"54":6,"55":2,"56":2,"57":2,"58":2,"59":1,"60":0,"61":1,"62":1,"63":0,"64":6,"65":2,"66":2,"67":2,"68":1,"69":1,"70":0},"f":{"0":1,"1":2,"2":1,"3":1,"4":2,"5":1,"6":1,"7":0,"8":0,"9":0,"10":2,"11":1,"12":1,"13":2,"14":1,"15":1},"b":{"0":[1,1],"1":[0,1],"2":[1,1],"3":[0,1],"4":[1,0],"5":[0,1],"6":[0,1],"7":[0,1],"8":[1,0],"9":[0,0],"10":[0,1]},"_coverageSchema":"1a1c01bbd47fc00a2c39e90264f33305004495a9","hash":"f853b71fc0c51a69aae4e4b27aaf19aef635b0d5"}
,"C:\\Users\\Mateus Moraes\\Projects\\Faculdade\\fechadura-back-end\\src\\controllers\\grupoUsuarioController.js": {"path":"C:\\Users\\Mateus Moraes\\Projects\\Faculdade\\fechadura-back-end\\src\\controllers\\grupoUsuarioController.js","statementMap":{"0":{"start":{"line":4,"column":33},"end":{"line":49,"column":5}},"1":{"start":{"line":5,"column":8},"end":{"line":48,"column":9}},"2":{"start":{"line":6,"column":25},"end":{"line":6,"column":39}},"3":{"start":{"line":7,"column":30},"end":{"line":7,"column":49}},"4":{"start":{"line":8,"column":26},"end":{"line":8,"column":41}},"5":{"start":{"line":9,"column":25},"end":{"line":9,"column":39}},"6":{"start":{"line":10,"column":28},"end":{"line":10,"column":45}},"7":{"start":{"line":12,"column":28},"end":{"line":15,"column":13}},"8":{"start":{"line":17,"column":12},"end":{"line":21,"column":13}},"9":{"start":{"line":18,"column":38},"end":{"line":18,"column":162}},"10":{"start":{"line":19,"column":44},"end":{"line":19,"column":85}},"11":{"start":{"line":20,"column":16},"end":{"line":20,"column":65}},"12":{"start":{"line":23,"column":12},"end":{"line":27,"column":13}},"13":{"start":{"line":24,"column":38},"end":{"line":24,"column":107}},"14":{"start":{"line":25,"column":44},"end":{"line":25,"column":85}},"15":{"start":{"line":26,"column":16},"end":{"line":26,"column":65}},"16":{"start":{"line":29,"column":12},"end":{"line":33,"column":13}},"17":{"start":{"line":30,"column":38},"end":{"line":30,"column":117}},"18":{"start":{"line":31,"column":44},"end":{"line":31,"column":85}},"19":{"start":{"line":32,"column":16},"end":{"line":32,"column":65}},"20":{"start":{"line":35,"column":12},"end":{"line":39,"column":13}},"21":{"start":{"line":36,"column":38},"end":{"line":36,"column":92}},"22":{"start":{"line":37,"column":44},"end":{"line":37,"column":85}},"23":{"start":{"line":38,"column":16},"end":{"line":38,"column":65}},"24":{"start":{"line":42,"column":34},"end":{"line":42,"column":74}},"25":{"start":{"line":43,"column":40},"end":{"line":43,"column":81}},"26":{"start":{"line":44,"column":12},"end":{"line":44,"column":61}},"27":{"start":{"line":47,"column":12},"end":{"line":47,"column":104}},"28":{"start":{"line":51,"column":25},"end":{"line":67,"column":5}},"29":{"start":{"line":52,"column":8},"end":{"line":66,"column":9}},"30":{"start":{"line":53,"column":23},"end":{"line":53,"column":36}},"31":{"start":{"line":55,"column":12},"end":{"line":63,"column":14}},"32":{"start":{"line":56,"column":16},"end":{"line":60,"column":17}},"33":{"start":{"line":57,"column":20},"end":{"line":57,"column":72}},"34":{"start":{"line":59,"column":20},"end":{"line":59,"column":119}},"35":{"start":{"line":62,"column":16},"end":{"line":62,"column":108}},"36":{"start":{"line":65,"column":12},"end":{"line":65,"column":104}},"37":{"start":{"line":69,"column":34},"end":{"line":82,"column":5}},"38":{"start":{"line":70,"column":8},"end":{"line":81,"column":9}},"39":{"start":{"line":71,"column":33},"end":{"line":71,"column":59}},"40":{"start":{"line":73,"column":12},"end":{"line":77,"column":14}},"41":{"start":{"line":74,"column":16},"end":{"line":74,"column":67}},"42":{"start":{"line":76,"column":16},"end":{"line":76,"column":70}},"43":{"start":{"line":80,"column":12},"end":{"line":80,"column":104}},"44":{"start":{"line":84,"column":26},"end":{"line":101,"column":5}},"45":{"start":{"line":85,"column":8},"end":{"line":100,"column":9}},"46":{"start":{"line":86,"column":23},"end":{"line":86,"column":36}},"47":{"start":{"line":87,"column":26},"end":{"line":87,"column":34}},"48":{"start":{"line":89,"column":12},"end":{"line":96,"column":14}},"49":{"start":{"line":90,"column":16},"end":{"line":92,"column":17}},"50":{"start":{"line":91,"column":20},"end":{"line":91,"column":92}},"51":{"start":{"line":93,"column":16},"end":{"line":93,"column":99}},"52":{"start":{"line":95,"column":16},"end":{"line":95,"column":113}},"53":{"start":{"line":99,"column":12},"end":{"line":99,"column":104}},"54":{"start":{"line":103,"column":28},"end":{"line":120,"column":5}},"55":{"start":{"line":104,"column":8},"end":{"line":119,"column":9}},"56":{"start":{"line":105,"column":23},"end":{"line":105,"column":36}},"57":{"start":{"line":106,"column":26},"end":{"line":106,"column":34}},"58":{"start":{"line":108,"column":12},"end":{"line":115,"column":14}},"59":{"start":{"line":109,"column":16},"end":{"line":111,"column":17}},"60":{"start":{"line":110,"column":20},"end":{"line":110,"column":92}},"61":{"start":{"line":112,"column":16},"end":{"line":112,"column":100}},"62":{"start":{"line":114,"column":16},"end":{"line":114,"column":114}},"63":{"start":{"line":118,"column":12},"end":{"line":118,"column":104}},"64":{"start":{"line":122,"column":34},"end":{"line":135,"column":5}},"65":{"start":{"line":123,"column":8},"end":{"line":134,"column":9}},"66":{"start":{"line":124,"column":23},"end":{"line":124,"column":36}},"67":{"start":{"line":126,"column":12},"end":{"line":130,"column":14}},"68":{"start":{"line":127,"column":16},"end":{"line":127,"column":97}},"69":{"start":{"line":129,"column":16},"end":{"line":129,"column":111}},"70":{"start":{"line":133,"column":12},"end":{"line":133,"column":104}}},"fnMap":{"0":{"name":"(anonymous_0)","decl":{"start":{"line":4,"column":33},"end":{"line":4,"column":34}},"loc":{"start":{"line":4,"column":53},"end":{"line":49,"column":5}},"line":4},"1":{"name":"(anonymous_1)","decl":{"start":{"line":51,"column":25},"end":{"line":51,"column":26}},"loc":{"start":{"line":51,"column":45},"end":{"line":67,"column":5}},"line":51},"2":{"name":"(anonymous_2)","decl":{"start":{"line":55,"column":49},"end":{"line":55,"column":50}},"loc":{"start":{"line":55,"column":68},"end":{"line":61,"column":13}},"line":55},"3":{"name":"(anonymous_3)","decl":{"start":{"line":61,"column":21},"end":{"line":61,"column":22}},"loc":{"start":{"line":61,"column":31},"end":{"line":63,"column":13}},"line":61},"4":{"name":"(anonymous_4)","decl":{"start":{"line":69,"column":34},"end":{"line":69,"column":35}},"loc":{"start":{"line":69,"column":54},"end":{"line":82,"column":5}},"line":69},"5":{"name":"(anonymous_5)","decl":{"start":{"line":73,"column":43},"end":{"line":73,"column":44}},"loc":{"start":{"line":73,"column":61},"end":{"line":75,"column":13}},"line":73},"6":{"name":"(anonymous_6)","decl":{"start":{"line":75,"column":21},"end":{"line":75,"column":22}},"loc":{"start":{"line":75,"column":31},"end":{"line":77,"column":13}},"line":75},"7":{"name":"(anonymous_7)","decl":{"start":{"line":84,"column":26},"end":{"line":84,"column":27}},"loc":{"start":{"line":84,"column":46},"end":{"line":101,"column":5}},"line":84},"8":{"name":"(anonymous_8)","decl":{"start":{"line":89,"column":100},"end":{"line":89,"column":101}},"loc":{"start":{"line":89,"column":110},"end":{"line":94,"column":13}},"line":89},"9":{"name":"(anonymous_9)","decl":{"start":{"line":94,"column":21},"end":{"line":94,"column":22}},"loc":{"start":{"line":94,"column":32},"end":{"line":96,"column":13}},"line":94},"10":{"name":"(anonymous_10)","decl":{"start":{"line":103,"column":28},"end":{"line":103,"column":29}},"loc":{"start":{"line":103,"column":48},"end":{"line":120,"column":5}},"line":103},"11":{"name":"(anonymous_11)","decl":{"start":{"line":108,"column":65},"end":{"line":108,"column":66}},"loc":{"start":{"line":108,"column":84},"end":{"line":113,"column":13}},"line":108},"12":{"name":"(anonymous_12)","decl":{"start":{"line":113,"column":21},"end":{"line":113,"column":22}},"loc":{"start":{"line":113,"column":32},"end":{"line":115,"column":13}},"line":113},"13":{"name":"(anonymous_13)","decl":{"start":{"line":122,"column":34},"end":{"line":122,"column":35}},"loc":{"start":{"line":122,"column":54},"end":{"line":135,"column":5}},"line":122},"14":{"name":"(anonymous_14)","decl":{"start":{"line":126,"column":58},"end":{"line":126,"column":59}},"loc":{"start":{"line":126,"column":77},"end":{"line":128,"column":13}},"line":126},"15":{"name":"(anonymous_15)","decl":{"start":{"line":128,"column":21},"end":{"line":128,"column":22}},"loc":{"start":{"line":128,"column":32},"end":{"line":130,"column":13}},"line":128}},"branchMap":{"0":{"loc":{"start":{"line":13,"column":22},"end":{"line":13,"column":41}},"type":"binary-expr","locations":[{"start":{"line":13,"column":22},"end":{"line":13,"column":36}},{"start":{"line":13,"column":40},"end":{"line":13,"column":41}}],"line":13},"1":{"loc":{"start":{"line":14,"column":23},"end":{"line":14,"column":77}},"type":"cond-expr","locations":[{"start":{"line":14,"column":49},"end":{"line":14,"column":51}},{"start":{"line":14,"column":54},"end":{"line":14,"column":77}}],"line":14},"2":{"loc":{"start":{"line":14,"column":23},"end":{"line":14,"column":46}},"type":"binary-expr","locations":[{"start":{"line":14,"column":23},"end":{"line":14,"column":40}},{"start":{"line":14,"column":44},"end":{"line":14,"column":46}}],"line":14},"3":{"loc":{"start":{"line":14,"column":54},"end":{"line":14,"column":77}},"type":"binary-expr","locations":[{"start":{"line":14,"column":54},"end":{"line":14,"column":71}},{"start":{"line":14,"column":75},"end":{"line":14,"column":77}}],"line":14},"4":{"loc":{"start":{"line":17,"column":12},"end":{"line":21,"column":13}},"type":"if","locations":[{"start":{"line":17,"column":12},"end":{"line":21,"column":13}},{"start":{},"end":{}}],"line":17},"5":{"loc":{"start":{"line":17,"column":16},"end":{"line":17,"column":33}},"type":"binary-expr","locations":[{"start":{"line":17,"column":16},"end":{"line":17,"column":20}},{"start":{"line":17,"column":24},"end":{"line":17,"column":33}}],"line":17},"6":{"loc":{"start":{"line":23,"column":12},"end":{"line":27,"column":13}},"type":"if","locations":[{"start":{"line":23,"column":12},"end":{"line":27,"column":13}},{"start":{},"end":{}}],"line":23},"7":{"loc":{"start":{"line":29,"column":12},"end":{"line":33,"column":13}},"type":"if","locations":[{"start":{"line":29,"column":12},"end":{"line":33,"column":13}},{"start":{},"end":{}}],"line":29},"8":{"loc":{"start":{"line":35,"column":12},"end":{"line":39,"column":13}},"type":"if","locations":[{"start":{"line":35,"column":12},"end":{"line":39,"column":13}},{"start":{},"end":{}}],"line":35},"9":{"loc":{"start":{"line":56,"column":16},"end":{"line":60,"column":17}},"type":"if","locations":[{"start":{"line":56,"column":16},"end":{"line":60,"column":17}},{"start":{"line":58,"column":23},"end":{"line":60,"column":17}}],"line":56},"10":{"loc":{"start":{"line":90,"column":16},"end":{"line":92,"column":17}},"type":"if","locations":[{"start":{"line":90,"column":16},"end":{"line":92,"column":17}},{"start":{},"end":{}}],"line":90},"11":{"loc":{"start":{"line":109,"column":16},"end":{"line":111,"column":17}},"type":"if","locations":[{"start":{"line":109,"column":16},"end":{"line":111,"column":17}},{"start":{},"end":{}}],"line":109}},"s":{"0":5,"1":0,"2":0,"3":0,"4":0,"5":0,"6":0,"7":0,"8":0,"9":0,"10":0,"11":0,"12":0,"13":0,"14":0,"15":0,"16":0,"17":0,"18":0,"19":0,"20":0,"21":0,"22":0,"23":0,"24":0,"25":0,"26":0,"27":0,"28":5,"29":0,"30":0,"31":0,"32":0,"33":0,"34":0,"35":0,"36":0,"37":5,"38":0,"39":0,"40":0,"41":0,"42":0,"43":0,"44":5,"45":0,"46":0,"47":0,"48":0,"49":0,"50":0,"51":0,"52":0,"53":0,"54":5,"55":0,"56":0,"57":0,"58":0,"59":0,"60":0,"61":0,"62":0,"63":0,"64":5,"65":0,"66":0,"67":0,"68":0,"69":0,"70":0},"f":{"0":0,"1":0,"2":0,"3":0,"4":0,"5":0,"6":0,"7":0,"8":0,"9":0,"10":0,"11":0,"12":0,"13":0,"14":0,"15":0},"b":{"0":[0,0],"1":[0,0],"2":[0,0],"3":[0,0],"4":[0,0],"5":[0,0],"6":[0,0],"7":[0,0],"8":[0,0],"9":[0,0],"10":[0,0],"11":[0,0]},"_coverageSchema":"1a1c01bbd47fc00a2c39e90264f33305004495a9","hash":"1e28badf9bddf2c6e9a1223d061f41bdeda3d935"}
,"C:\\Users\\Mateus Moraes\\Projects\\Faculdade\\fechadura-back-end\\src\\controllers\\loginAutenticacao.js": {"path":"C:\\Users\\Mateus Moraes\\Projects\\Faculdade\\fechadura-back-end\\src\\controllers\\loginAutenticacao.js","statementMap":{"0":{"start":{"line":8,"column":22},"end":{"line":47,"column":3}},"1":{"start":{"line":9,"column":4},"end":{"line":46,"column":5}},"2":{"start":{"line":10,"column":31},"end":{"line":10,"column":39}},"3":{"start":{"line":12,"column":24},"end":{"line":12,"column":73}},"4":{"start":{"line":14,"column":6},"end":{"line":16,"column":7}},"5":{"start":{"line":15,"column":8},"end":{"line":15,"column":91}},"6":{"start":{"line":18,"column":6},"end":{"line":20,"column":7}},"7":{"start":{"line":19,"column":8},"end":{"line":19,"column":81}},"8":{"start":{"line":22,"column":19},"end":{"line":22,"column":56}},"9":{"start":{"line":24,"column":6},"end":{"line":24,"column":97}},"10":{"start":{"line":25,"column":6},"end":{"line":25,"column":91}},"11":{"start":{"line":27,"column":6},"end":{"line":43,"column":8}},"12":{"start":{"line":45,"column":6},"end":{"line":45,"column":98}}},"fnMap":{"0":{"name":"(anonymous_0)","decl":{"start":{"line":8,"column":22},"end":{"line":8,"column":23}},"loc":{"start":{"line":8,"column":42},"end":{"line":47,"column":3}},"line":8}},"branchMap":{"0":{"loc":{"start":{"line":14,"column":6},"end":{"line":16,"column":7}},"type":"if","locations":[{"start":{"line":14,"column":6},"end":{"line":16,"column":7}},{"start":{},"end":{}}],"line":14},"1":{"loc":{"start":{"line":14,"column":10},"end":{"line":14,"column":69}},"type":"binary-expr","locations":[{"start":{"line":14,"column":10},"end":{"line":14,"column":20}},{"start":{"line":14,"column":24},"end":{"line":14,"column":69}}],"line":14},"2":{"loc":{"start":{"line":18,"column":6},"end":{"line":20,"column":7}},"type":"if","locations":[{"start":{"line":18,"column":6},"end":{"line":20,"column":7}},{"start":{},"end":{}}],"line":18}},"s":{"0":5,"1":5,"2":5,"3":5,"4":4,"5":0,"6":4,"7":0,"8":4,"9":4,"10":4,"11":4,"12":0},"f":{"0":5},"b":{"0":[0,4],"1":[4,4],"2":[0,4]},"_coverageSchema":"1a1c01bbd47fc00a2c39e90264f33305004495a9","hash":"6fd68e025644b85bdf51149bd1c5ed08125a8472"}
,"C:\\Users\\Mateus Moraes\\Projects\\Faculdade\\fechadura-back-end\\src\\controllers\\portaController.js": {"path":"C:\\Users\\Mateus Moraes\\Projects\\Faculdade\\fechadura-back-end\\src\\controllers\\portaController.js","statementMap":{"0":{"start":{"line":5,"column":25},"end":{"line":49,"column":5}},"1":{"start":{"line":6,"column":8},"end":{"line":48,"column":9}},"2":{"start":{"line":7,"column":30},"end":{"line":7,"column":49}},"3":{"start":{"line":8,"column":29},"end":{"line":8,"column":47}},"4":{"start":{"line":9,"column":26},"end":{"line":9,"column":41}},"5":{"start":{"line":10,"column":25},"end":{"line":10,"column":39}},"6":{"start":{"line":11,"column":28},"end":{"line":11,"column":45}},"7":{"start":{"line":13,"column":27},"end":{"line":16,"column":13}},"8":{"start":{"line":18,"column":12},"end":{"line":22,"column":13}},"9":{"start":{"line":19,"column":30},"end":{"line":19,"column":101}},"10":{"start":{"line":20,"column":37},"end":{"line":20,"column":70}},"11":{"start":{"line":21,"column":16},"end":{"line":21,"column":58}},"12":{"start":{"line":24,"column":12},"end":{"line":28,"column":13}},"13":{"start":{"line":25,"column":30},"end":{"line":25,"column":100}},"14":{"start":{"line":26,"column":37},"end":{"line":26,"column":70}},"15":{"start":{"line":27,"column":16},"end":{"line":27,"column":58}},"16":{"start":{"line":30,"column":12},"end":{"line":34,"column":13}},"17":{"start":{"line":31,"column":30},"end":{"line":31,"column":76}},"18":{"start":{"line":32,"column":37},"end":{"line":32,"column":70}},"19":{"start":{"line":33,"column":16},"end":{"line":33,"column":58}},"20":{"start":{"line":36,"column":12},"end":{"line":40,"column":13}},"21":{"start":{"line":37,"column":30},"end":{"line":37,"column":154}},"22":{"start":{"line":38,"column":37},"end":{"line":38,"column":70}},"23":{"start":{"line":39,"column":16},"end":{"line":39,"column":58}},"24":{"start":{"line":42,"column":26},"end":{"line":42,"column":58}},"25":{"start":{"line":43,"column":33},"end":{"line":43,"column":66}},"26":{"start":{"line":44,"column":12},"end":{"line":44,"column":54}},"27":{"start":{"line":47,"column":12},"end":{"line":47,"column":104}},"28":{"start":{"line":51,"column":30},"end":{"line":66,"column":5}},"29":{"start":{"line":52,"column":8},"end":{"line":65,"column":9}},"30":{"start":{"line":53,"column":23},"end":{"line":53,"column":36}},"31":{"start":{"line":54,"column":12},"end":{"line":62,"column":14}},"32":{"start":{"line":55,"column":16},"end":{"line":59,"column":17}},"33":{"start":{"line":56,"column":20},"end":{"line":56,"column":65}},"34":{"start":{"line":58,"column":20},"end":{"line":58,"column":115}},"35":{"start":{"line":61,"column":16},"end":{"line":61,"column":95}},"36":{"start":{"line":64,"column":12},"end":{"line":64,"column":104}},"37":{"start":{"line":68,"column":28},"end":{"line":81,"column":5}},"38":{"start":{"line":69,"column":8},"end":{"line":80,"column":9}},"39":{"start":{"line":70,"column":26},"end":{"line":70,"column":45}},"40":{"start":{"line":72,"column":12},"end":{"line":76,"column":14}},"41":{"start":{"line":73,"column":16},"end":{"line":73,"column":59}},"42":{"start":{"line":75,"column":16},"end":{"line":75,"column":71}},"43":{"start":{"line":79,"column":12},"end":{"line":79,"column":103}},"44":{"start":{"line":83,"column":28},"end":{"line":100,"column":5}},"45":{"start":{"line":84,"column":8},"end":{"line":99,"column":9}},"46":{"start":{"line":85,"column":23},"end":{"line":85,"column":36}},"47":{"start":{"line":86,"column":26},"end":{"line":86,"column":34}},"48":{"start":{"line":88,"column":12},"end":{"line":95,"column":14}},"49":{"start":{"line":89,"column":16},"end":{"line":91,"column":17}},"50":{"start":{"line":90,"column":20},"end":{"line":90,"column":92}},"51":{"start":{"line":92,"column":16},"end":{"line":92,"column":88}},"52":{"start":{"line":94,"column":16},"end":{"line":94,"column":102}},"53":{"start":{"line":98,"column":12},"end":{"line":98,"column":104}},"54":{"start":{"line":102,"column":26},"end":{"line":118,"column":5}},"55":{"start":{"line":103,"column":8},"end":{"line":117,"column":9}},"56":{"start":{"line":104,"column":23},"end":{"line":104,"column":36}},"57":{"start":{"line":105,"column":26},"end":{"line":105,"column":34}},"58":{"start":{"line":107,"column":12},"end":{"line":114,"column":14}},"59":{"start":{"line":108,"column":16},"end":{"line":110,"column":17}},"60":{"start":{"line":109,"column":20},"end":{"line":109,"column":92}},"61":{"start":{"line":111,"column":16},"end":{"line":111,"column":88}},"62":{"start":{"line":113,"column":16},"end":{"line":113,"column":102}},"63":{"start":{"line":116,"column":12},"end":{"line":116,"column":104}},"64":{"start":{"line":120,"column":25},"end":{"line":133,"column":5}},"65":{"start":{"line":121,"column":8},"end":{"line":132,"column":9}},"66":{"start":{"line":122,"column":23},"end":{"line":122,"column":36}},"67":{"start":{"line":124,"column":12},"end":{"line":128,"column":14}},"68":{"start":{"line":125,"column":16},"end":{"line":125,"column":86}},"69":{"start":{"line":127,"column":16},"end":{"line":127,"column":83}},"70":{"start":{"line":131,"column":12},"end":{"line":131,"column":104}}},"fnMap":{"0":{"name":"(anonymous_0)","decl":{"start":{"line":5,"column":25},"end":{"line":5,"column":26}},"loc":{"start":{"line":5,"column":45},"end":{"line":49,"column":5}},"line":5},"1":{"name":"(anonymous_1)","decl":{"start":{"line":51,"column":30},"end":{"line":51,"column":31}},"loc":{"start":{"line":51,"column":50},"end":{"line":66,"column":5}},"line":51},"2":{"name":"(anonymous_2)","decl":{"start":{"line":54,"column":42},"end":{"line":54,"column":43}},"loc":{"start":{"line":54,"column":54},"end":{"line":60,"column":13}},"line":54},"3":{"name":"(anonymous_3)","decl":{"start":{"line":60,"column":21},"end":{"line":60,"column":22}},"loc":{"start":{"line":60,"column":32},"end":{"line":62,"column":13}},"line":60},"4":{"name":"(anonymous_4)","decl":{"start":{"line":68,"column":28},"end":{"line":68,"column":29}},"loc":{"start":{"line":68,"column":48},"end":{"line":81,"column":5}},"line":68},"5":{"name":"(anonymous_5)","decl":{"start":{"line":72,"column":36},"end":{"line":72,"column":37}},"loc":{"start":{"line":72,"column":47},"end":{"line":74,"column":13}},"line":72},"6":{"name":"(anonymous_6)","decl":{"start":{"line":74,"column":21},"end":{"line":74,"column":22}},"loc":{"start":{"line":74,"column":32},"end":{"line":76,"column":13}},"line":74},"7":{"name":"(anonymous_7)","decl":{"start":{"line":83,"column":28},"end":{"line":83,"column":29}},"loc":{"start":{"line":83,"column":48},"end":{"line":100,"column":5}},"line":83},"8":{"name":"(anonymous_8)","decl":{"start":{"line":88,"column":58},"end":{"line":88,"column":59}},"loc":{"start":{"line":88,"column":69},"end":{"line":93,"column":13}},"line":88},"9":{"name":"(anonymous_9)","decl":{"start":{"line":93,"column":21},"end":{"line":93,"column":22}},"loc":{"start":{"line":93,"column":32},"end":{"line":95,"column":13}},"line":93},"10":{"name":"(anonymous_10)","decl":{"start":{"line":102,"column":26},"end":{"line":102,"column":27}},"loc":{"start":{"line":102,"column":46},"end":{"line":118,"column":5}},"line":102},"11":{"name":"(anonymous_11)","decl":{"start":{"line":107,"column":93},"end":{"line":107,"column":94}},"loc":{"start":{"line":107,"column":104},"end":{"line":112,"column":13}},"line":107},"12":{"name":"(anonymous_12)","decl":{"start":{"line":112,"column":21},"end":{"line":112,"column":22}},"loc":{"start":{"line":112,"column":32},"end":{"line":114,"column":13}},"line":112},"13":{"name":"(anonymous_13)","decl":{"start":{"line":120,"column":25},"end":{"line":120,"column":26}},"loc":{"start":{"line":120,"column":45},"end":{"line":133,"column":5}},"line":120},"14":{"name":"(anonymous_14)","decl":{"start":{"line":124,"column":51},"end":{"line":124,"column":52}},"loc":{"start":{"line":124,"column":62},"end":{"line":126,"column":13}},"line":124},"15":{"name":"(anonymous_15)","decl":{"start":{"line":126,"column":21},"end":{"line":126,"column":22}},"loc":{"start":{"line":126,"column":32},"end":{"line":128,"column":13}},"line":126}},"branchMap":{"0":{"loc":{"start":{"line":14,"column":22},"end":{"line":14,"column":41}},"type":"binary-expr","locations":[{"start":{"line":14,"column":22},"end":{"line":14,"column":36}},{"start":{"line":14,"column":40},"end":{"line":14,"column":41}}],"line":14},"1":{"loc":{"start":{"line":15,"column":23},"end":{"line":15,"column":76}},"type":"cond-expr","locations":[{"start":{"line":15,"column":48},"end":{"line":15,"column":50}},{"start":{"line":15,"column":53},"end":{"line":15,"column":76}}],"line":15},"2":{"loc":{"start":{"line":15,"column":53},"end":{"line":15,"column":76}},"type":"binary-expr","locations":[{"start":{"line":15,"column":53},"end":{"line":15,"column":70}},{"start":{"line":15,"column":74},"end":{"line":15,"column":76}}],"line":15},"3":{"loc":{"start":{"line":18,"column":12},"end":{"line":22,"column":13}},"type":"if","locations":[{"start":{"line":18,"column":12},"end":{"line":22,"column":13}},{"start":{},"end":{}}],"line":18},"4":{"loc":{"start":{"line":24,"column":12},"end":{"line":28,"column":13}},"type":"if","locations":[{"start":{"line":24,"column":12},"end":{"line":28,"column":13}},{"start":{},"end":{}}],"line":24},"5":{"loc":{"start":{"line":30,"column":12},"end":{"line":34,"column":13}},"type":"if","locations":[{"start":{"line":30,"column":12},"end":{"line":34,"column":13}},{"start":{},"end":{}}],"line":30},"6":{"loc":{"start":{"line":36,"column":12},"end":{"line":40,"column":13}},"type":"if","locations":[{"start":{"line":36,"column":12},"end":{"line":40,"column":13}},{"start":{},"end":{}}],"line":36},"7":{"loc":{"start":{"line":36,"column":16},"end":{"line":36,"column":37}},"type":"binary-expr","locations":[{"start":{"line":36,"column":16},"end":{"line":36,"column":25}},{"start":{"line":36,"column":29},"end":{"line":36,"column":37}}],"line":36},"8":{"loc":{"start":{"line":55,"column":16},"end":{"line":59,"column":17}},"type":"if","locations":[{"start":{"line":55,"column":16},"end":{"line":59,"column":17}},{"start":{"line":57,"column":23},"end":{"line":59,"column":17}}],"line":55},"9":{"loc":{"start":{"line":89,"column":16},"end":{"line":91,"column":17}},"type":"if","locations":[{"start":{"line":89,"column":16},"end":{"line":91,"column":17}},{"start":{},"end":{}}],"line":89},"10":{"loc":{"start":{"line":108,"column":16},"end":{"line":110,"column":17}},"type":"if","locations":[{"start":{"line":108,"column":16},"end":{"line":110,"column":17}},{"start":{},"end":{}}],"line":108}},"s":{"0":6,"1":2,"2":2,"3":2,"4":2,"5":2,"6":2,"7":2,"8":2,"9":0,"10":0,"11":0,"12":2,"13":0,"14":0,"15":0,"16":2,"17":0,"18":0,"19":0,"20":2,"21":0,"22":0,"23":0,"24":2,"25":2,"26":2,"27":0,"28":6,"29":3,"30":3,"31":3,"32":2,"33":1,"34":1,"35":1,"36":0,"37":6,"38":2,"39":2,"40":2,"41":1,"42":1,"43":0,"44":6,"45":2,"46":2,"47":2,"48":2,"49":1,"50":0,"51":1,"52":1,"53":0,"54":6,"55":1,"56":1,"57":1,"58":1,"59":1,"60":0,"61":1,"62":0,"63":0,"64":6,"65":1,"66":1,"67":1,"68":1,"69":0,"70":0},"f":{"0":2,"1":3,"2":2,"3":1,"4":2,"5":1,"6":1,"7":2,"8":1,"9":1,"10":1,"11":1,"12":0,"13":1,"14":1,"15":0},"b":{"0":[2,2],"1":[0,2],"2":[2,2],"3":[0,2],"4":[0,2],"5":[0,2],"6":[0,2],"7":[2,0],"8":[1,1],"9":[0,1],"10":[0,1]},"_coverageSchema":"1a1c01bbd47fc00a2c39e90264f33305004495a9","hash":"c23fb4c3cba4405f2d28d9b9a86c67b5913670b0"}
,"C:\\Users\\Mateus Moraes\\Projects\\Faculdade\\fechadura-back-end\\src\\controllers\\rotaController.js": {"path":"C:\\Users\\Mateus Moraes\\Projects\\Faculdade\\fechadura-back-end\\src\\controllers\\rotaController.js","statementMap":{"0":{"start":{"line":6,"column":23},"end":{"line":37,"column":3}},"1":{"start":{"line":7,"column":4},"end":{"line":36,"column":5}},"2":{"start":{"line":9,"column":6},"end":{"line":11,"column":7}},"3":{"start":{"line":10,"column":8},"end":{"line":10,"column":15}},"4":{"start":{"line":13,"column":19},"end":{"line":13,"column":33}},"5":{"start":{"line":14,"column":19},"end":{"line":14,"column":33}},"6":{"start":{"line":15,"column":22},"end":{"line":15,"column":39}},"7":{"start":{"line":18,"column":22},"end":{"line":21,"column":7}},"8":{"start":{"line":23,"column":6},"end":{"line":27,"column":7}},"9":{"start":{"line":24,"column":22},"end":{"line":24,"column":83}},"10":{"start":{"line":25,"column":26},"end":{"line":25,"column":59}},"11":{"start":{"line":26,"column":8},"end":{"line":26,"column":47}},"12":{"start":{"line":29,"column":20},"end":{"line":29,"column":53}},"13":{"start":{"line":30,"column":24},"end":{"line":30,"column":57}},"14":{"start":{"line":31,"column":6},"end":{"line":31,"column":45}},"15":{"start":{"line":34,"column":6},"end":{"line":34,"column":23}},"16":{"start":{"line":35,"column":6},"end":{"line":35,"column":98}},"17":{"start":{"line":39,"column":23},"end":{"line":56,"column":3}},"18":{"start":{"line":40,"column":4},"end":{"line":55,"column":5}},"19":{"start":{"line":41,"column":17},"end":{"line":41,"column":30}},"20":{"start":{"line":43,"column":6},"end":{"line":51,"column":8}},"21":{"start":{"line":44,"column":8},"end":{"line":48,"column":9}},"22":{"start":{"line":45,"column":10},"end":{"line":45,"column":53}},"23":{"start":{"line":47,"column":10},"end":{"line":47,"column":97}},"24":{"start":{"line":50,"column":8},"end":{"line":50,"column":87}},"25":{"start":{"line":54,"column":6},"end":{"line":54,"column":98}},"26":{"start":{"line":58,"column":25},"end":{"line":71,"column":3}},"27":{"start":{"line":59,"column":4},"end":{"line":70,"column":5}},"28":{"start":{"line":60,"column":19},"end":{"line":60,"column":37}},"29":{"start":{"line":62,"column":6},"end":{"line":66,"column":8}},"30":{"start":{"line":63,"column":8},"end":{"line":63,"column":51}},"31":{"start":{"line":65,"column":8},"end":{"line":65,"column":62}},"32":{"start":{"line":69,"column":6},"end":{"line":69,"column":98}},"33":{"start":{"line":73,"column":26},"end":{"line":90,"column":3}},"34":{"start":{"line":74,"column":4},"end":{"line":89,"column":5}},"35":{"start":{"line":75,"column":17},"end":{"line":75,"column":30}},"36":{"start":{"line":76,"column":20},"end":{"line":76,"column":28}},"37":{"start":{"line":78,"column":6},"end":{"line":85,"column":8}},"38":{"start":{"line":79,"column":8},"end":{"line":81,"column":9}},"39":{"start":{"line":80,"column":10},"end":{"line":80,"column":82}},"40":{"start":{"line":82,"column":8},"end":{"line":82,"column":79}},"41":{"start":{"line":84,"column":8},"end":{"line":84,"column":93}},"42":{"start":{"line":88,"column":6},"end":{"line":88,"column":98}},"43":{"start":{"line":92,"column":24},"end":{"line":109,"column":3}},"44":{"start":{"line":93,"column":4},"end":{"line":108,"column":5}},"45":{"start":{"line":94,"column":17},"end":{"line":94,"column":30}},"46":{"start":{"line":95,"column":20},"end":{"line":95,"column":28}},"47":{"start":{"line":97,"column":6},"end":{"line":104,"column":8}},"48":{"start":{"line":98,"column":8},"end":{"line":100,"column":9}},"49":{"start":{"line":99,"column":10},"end":{"line":99,"column":82}},"50":{"start":{"line":101,"column":8},"end":{"line":101,"column":79}},"51":{"start":{"line":103,"column":8},"end":{"line":103,"column":93}},"52":{"start":{"line":107,"column":6},"end":{"line":107,"column":98}},"53":{"start":{"line":111,"column":23},"end":{"line":124,"column":3}},"54":{"start":{"line":112,"column":4},"end":{"line":123,"column":5}},"55":{"start":{"line":113,"column":17},"end":{"line":113,"column":30}},"56":{"start":{"line":115,"column":6},"end":{"line":119,"column":8}},"57":{"start":{"line":116,"column":8},"end":{"line":116,"column":77}},"58":{"start":{"line":118,"column":8},"end":{"line":118,"column":74}},"59":{"start":{"line":122,"column":6},"end":{"line":122,"column":98}}},"fnMap":{"0":{"name":"(anonymous_0)","decl":{"start":{"line":6,"column":23},"end":{"line":6,"column":24}},"loc":{"start":{"line":6,"column":43},"end":{"line":37,"column":3}},"line":6},"1":{"name":"(anonymous_1)","decl":{"start":{"line":39,"column":23},"end":{"line":39,"column":24}},"loc":{"start":{"line":39,"column":43},"end":{"line":56,"column":3}},"line":39},"2":{"name":"(anonymous_2)","decl":{"start":{"line":43,"column":35},"end":{"line":43,"column":36}},"loc":{"start":{"line":43,"column":45},"end":{"line":49,"column":7}},"line":43},"3":{"name":"(anonymous_3)","decl":{"start":{"line":49,"column":15},"end":{"line":49,"column":16}},"loc":{"start":{"line":49,"column":25},"end":{"line":51,"column":7}},"line":49},"4":{"name":"(anonymous_4)","decl":{"start":{"line":58,"column":25},"end":{"line":58,"column":26}},"loc":{"start":{"line":58,"column":45},"end":{"line":71,"column":3}},"line":58},"5":{"name":"(anonymous_5)","decl":{"start":{"line":62,"column":29},"end":{"line":62,"column":30}},"loc":{"start":{"line":62,"column":39},"end":{"line":64,"column":7}},"line":62},"6":{"name":"(anonymous_6)","decl":{"start":{"line":64,"column":15},"end":{"line":64,"column":16}},"loc":{"start":{"line":64,"column":25},"end":{"line":66,"column":7}},"line":64},"7":{"name":"(anonymous_7)","decl":{"start":{"line":73,"column":26},"end":{"line":73,"column":27}},"loc":{"start":{"line":73,"column":46},"end":{"line":90,"column":3}},"line":73},"8":{"name":"(anonymous_8)","decl":{"start":{"line":78,"column":51},"end":{"line":78,"column":52}},"loc":{"start":{"line":78,"column":61},"end":{"line":83,"column":7}},"line":78},"9":{"name":"(anonymous_9)","decl":{"start":{"line":83,"column":15},"end":{"line":83,"column":16}},"loc":{"start":{"line":83,"column":26},"end":{"line":85,"column":7}},"line":83},"10":{"name":"(anonymous_10)","decl":{"start":{"line":92,"column":24},"end":{"line":92,"column":25}},"loc":{"start":{"line":92,"column":44},"end":{"line":109,"column":3}},"line":92},"11":{"name":"(anonymous_11)","decl":{"start":{"line":97,"column":86},"end":{"line":97,"column":87}},"loc":{"start":{"line":97,"column":96},"end":{"line":102,"column":7}},"line":97},"12":{"name":"(anonymous_12)","decl":{"start":{"line":102,"column":15},"end":{"line":102,"column":16}},"loc":{"start":{"line":102,"column":26},"end":{"line":104,"column":7}},"line":102},"13":{"name":"(anonymous_13)","decl":{"start":{"line":111,"column":23},"end":{"line":111,"column":24}},"loc":{"start":{"line":111,"column":43},"end":{"line":124,"column":3}},"line":111},"14":{"name":"(anonymous_14)","decl":{"start":{"line":115,"column":44},"end":{"line":115,"column":45}},"loc":{"start":{"line":115,"column":54},"end":{"line":117,"column":7}},"line":115},"15":{"name":"(anonymous_15)","decl":{"start":{"line":117,"column":15},"end":{"line":117,"column":16}},"loc":{"start":{"line":117,"column":26},"end":{"line":119,"column":7}},"line":117}},"branchMap":{"0":{"loc":{"start":{"line":9,"column":6},"end":{"line":11,"column":7}},"type":"if","locations":[{"start":{"line":9,"column":6},"end":{"line":11,"column":7}},{"start":{},"end":{}}],"line":9},"1":{"loc":{"start":{"line":19,"column":14},"end":{"line":19,"column":33}},"type":"binary-expr","locations":[{"start":{"line":19,"column":14},"end":{"line":19,"column":28}},{"start":{"line":19,"column":32},"end":{"line":19,"column":33}}],"line":19},"2":{"loc":{"start":{"line":20,"column":15},"end":{"line":20,"column":68}},"type":"cond-expr","locations":[{"start":{"line":20,"column":40},"end":{"line":20,"column":42}},{"start":{"line":20,"column":45},"end":{"line":20,"column":68}}],"line":20},"3":{"loc":{"start":{"line":20,"column":45},"end":{"line":20,"column":68}},"type":"binary-expr","locations":[{"start":{"line":20,"column":45},"end":{"line":20,"column":62}},{"start":{"line":20,"column":66},"end":{"line":20,"column":68}}],"line":20},"4":{"loc":{"start":{"line":23,"column":6},"end":{"line":27,"column":7}},"type":"if","locations":[{"start":{"line":23,"column":6},"end":{"line":27,"column":7}},{"start":{},"end":{}}],"line":23},"5":{"loc":{"start":{"line":44,"column":8},"end":{"line":48,"column":9}},"type":"if","locations":[{"start":{"line":44,"column":8},"end":{"line":48,"column":9}},{"start":{"line":46,"column":15},"end":{"line":48,"column":9}}],"line":44},"6":{"loc":{"start":{"line":79,"column":8},"end":{"line":81,"column":9}},"type":"if","locations":[{"start":{"line":79,"column":8},"end":{"line":81,"column":9}},{"start":{},"end":{}}],"line":79},"7":{"loc":{"start":{"line":98,"column":8},"end":{"line":100,"column":9}},"type":"if","locations":[{"start":{"line":98,"column":8},"end":{"line":100,"column":9}},{"start":{},"end":{}}],"line":98}},"s":{"0":6,"1":2,"2":2,"3":0,"4":2,"5":2,"6":2,"7":2,"8":2,"9":1,"10":1,"11":1,"12":1,"13":1,"14":1,"15":0,"16":0,"17":6,"18":3,"19":3,"20":3,"21":2,"22":1,"23":1,"24":1,"25":0,"26":6,"27":2,"28":2,"29":2,"30":1,"31":1,"32":0,"33":6,"34":2,"35":2,"36":2,"37":2,"38":1,"39":0,"40":1,"41":1,"42":0,"43":6,"44":1,"45":1,"46":1,"47":1,"48":1,"49":0,"50":1,"51":0,"52":0,"53":6,"54":1,"55":1,"56":1,"57":1,"58":0,"59":0},"f":{"0":2,"1":3,"2":2,"3":1,"4":2,"5":1,"6":1,"7":2,"8":1,"9":1,"10":1,"11":1,"12":0,"13":1,"14":1,"15":0},"b":{"0":[0,2],"1":[2,2],"2":[0,2],"3":[2,2],"4":[1,1],"5":[1,1],"6":[0,1],"7":[0,1]},"_coverageSchema":"1a1c01bbd47fc00a2c39e90264f33305004495a9","hash":"23b147070a32e5fb3b97a49430819253b74bd382"}
,"C:\\Users\\Mateus Moraes\\Projects\\Faculdade\\fechadura-back-end\\src\\controllers\\usuarioController.js": {"path":"C:\\Users\\Mateus Moraes\\Projects\\Faculdade\\fechadura-back-end\\src\\controllers\\usuarioController.js","statementMap":{"0":{"start":{"line":6,"column":26},"end":{"line":48,"column":3}},"1":{"start":{"line":7,"column":4},"end":{"line":47,"column":5}},"2":{"start":{"line":8,"column":19},"end":{"line":8,"column":33}},"3":{"start":{"line":9,"column":19},"end":{"line":9,"column":33}},"4":{"start":{"line":10,"column":22},"end":{"line":10,"column":39}},"5":{"start":{"line":12,"column":22},"end":{"line":15,"column":7}},"6":{"start":{"line":17,"column":6},"end":{"line":30,"column":7}},"7":{"start":{"line":18,"column":24},"end":{"line":18,"column":89}},"8":{"start":{"line":19,"column":19},"end":{"line":19,"column":54}},"9":{"start":{"line":21,"column":8},"end":{"line":23,"column":9}},"10":{"start":{"line":21,"column":21},"end":{"line":21,"column":22}},"11":{"start":{"line":22,"column":10},"end":{"line":22,"column":116}},"12":{"start":{"line":25,"column":8},"end":{"line":27,"column":9}},"13":{"start":{"line":25,"column":21},"end":{"line":25,"column":22}},"14":{"start":{"line":26,"column":10},"end":{"line":26,"column":110}},"15":{"start":{"line":29,"column":8},"end":{"line":29,"column":42}},"16":{"start":{"line":32,"column":22},"end":{"line":32,"column":58}},"17":{"start":{"line":33,"column":17},"end":{"line":33,"column":52}},"18":{"start":{"line":35,"column":6},"end":{"line":37,"column":7}},"19":{"start":{"line":35,"column":19},"end":{"line":35,"column":20}},"20":{"start":{"line":36,"column":8},"end":{"line":36,"column":114}},"21":{"start":{"line":39,"column":6},"end":{"line":41,"column":7}},"22":{"start":{"line":39,"column":19},"end":{"line":39,"column":20}},"23":{"start":{"line":40,"column":8},"end":{"line":40,"column":108}},"24":{"start":{"line":43,"column":6},"end":{"line":43,"column":40}},"25":{"start":{"line":46,"column":6},"end":{"line":46,"column":98}},"26":{"start":{"line":50,"column":30},"end":{"line":69,"column":3}},"27":{"start":{"line":51,"column":4},"end":{"line":68,"column":5}},"28":{"start":{"line":52,"column":17},"end":{"line":52,"column":30}},"29":{"start":{"line":54,"column":6},"end":{"line":63,"column":8}},"30":{"start":{"line":55,"column":8},"end":{"line":60,"column":9}},"31":{"start":{"line":56,"column":10},"end":{"line":56,"column":55}},"32":{"start":{"line":59,"column":10},"end":{"line":59,"column":100}},"33":{"start":{"line":62,"column":8},"end":{"line":62,"column":87}},"34":{"start":{"line":67,"column":6},"end":{"line":67,"column":98}},"35":{"start":{"line":71,"column":28},"end":{"line":85,"column":3}},"36":{"start":{"line":72,"column":4},"end":{"line":84,"column":5}},"37":{"start":{"line":73,"column":22},"end":{"line":73,"column":44}},"38":{"start":{"line":75,"column":6},"end":{"line":80,"column":8}},"39":{"start":{"line":76,"column":8},"end":{"line":76,"column":54}},"40":{"start":{"line":79,"column":8},"end":{"line":79,"column":64}},"41":{"start":{"line":83,"column":6},"end":{"line":83,"column":98}},"42":{"start":{"line":87,"column":26},"end":{"line":106,"column":3}},"43":{"start":{"line":88,"column":4},"end":{"line":105,"column":5}},"44":{"start":{"line":89,"column":17},"end":{"line":89,"column":30}},"45":{"start":{"line":90,"column":20},"end":{"line":90,"column":28}},"46":{"start":{"line":92,"column":6},"end":{"line":101,"column":8}},"47":{"start":{"line":93,"column":8},"end":{"line":95,"column":9}},"48":{"start":{"line":94,"column":10},"end":{"line":94,"column":72}},"49":{"start":{"line":96,"column":8},"end":{"line":96,"column":82}},"50":{"start":{"line":99,"column":8},"end":{"line":99,"column":96}},"51":{"start":{"line":104,"column":6},"end":{"line":104,"column":98}},"52":{"start":{"line":108,"column":24},"end":{"line":125,"column":3}},"53":{"start":{"line":109,"column":4},"end":{"line":124,"column":5}},"54":{"start":{"line":110,"column":17},"end":{"line":110,"column":30}},"55":{"start":{"line":111,"column":20},"end":{"line":111,"column":28}},"56":{"start":{"line":113,"column":6},"end":{"line":120,"column":8}},"57":{"start":{"line":114,"column":8},"end":{"line":116,"column":9}},"58":{"start":{"line":115,"column":10},"end":{"line":115,"column":72}},"59":{"start":{"line":117,"column":8},"end":{"line":117,"column":82}},"60":{"start":{"line":119,"column":8},"end":{"line":119,"column":96}},"61":{"start":{"line":123,"column":6},"end":{"line":123,"column":98}},"62":{"start":{"line":128,"column":26},"end":{"line":141,"column":3}},"63":{"start":{"line":129,"column":4},"end":{"line":140,"column":5}},"64":{"start":{"line":130,"column":17},"end":{"line":130,"column":30}},"65":{"start":{"line":132,"column":6},"end":{"line":136,"column":8}},"66":{"start":{"line":133,"column":8},"end":{"line":133,"column":80}},"67":{"start":{"line":135,"column":8},"end":{"line":135,"column":92}},"68":{"start":{"line":139,"column":6},"end":{"line":139,"column":98}}},"fnMap":{"0":{"name":"(anonymous_0)","decl":{"start":{"line":6,"column":26},"end":{"line":6,"column":27}},"loc":{"start":{"line":6,"column":46},"end":{"line":48,"column":3}},"line":6},"1":{"name":"(anonymous_1)","decl":{"start":{"line":50,"column":30},"end":{"line":50,"column":31}},"loc":{"start":{"line":50,"column":50},"end":{"line":69,"column":3}},"line":50},"2":{"name":"(anonymous_2)","decl":{"start":{"line":54,"column":39},"end":{"line":54,"column":40}},"loc":{"start":{"line":54,"column":52},"end":{"line":61,"column":7}},"line":54},"3":{"name":"(anonymous_3)","decl":{"start":{"line":61,"column":15},"end":{"line":61,"column":16}},"loc":{"start":{"line":61,"column":26},"end":{"line":63,"column":7}},"line":61},"4":{"name":"(anonymous_4)","decl":{"start":{"line":71,"column":28},"end":{"line":71,"column":29}},"loc":{"start":{"line":71,"column":48},"end":{"line":85,"column":3}},"line":71},"5":{"name":"(anonymous_5)","decl":{"start":{"line":75,"column":32},"end":{"line":75,"column":33}},"loc":{"start":{"line":75,"column":45},"end":{"line":78,"column":7}},"line":75},"6":{"name":"(anonymous_6)","decl":{"start":{"line":78,"column":15},"end":{"line":78,"column":16}},"loc":{"start":{"line":78,"column":26},"end":{"line":80,"column":7}},"line":78},"7":{"name":"(anonymous_7)","decl":{"start":{"line":87,"column":26},"end":{"line":87,"column":27}},"loc":{"start":{"line":87,"column":46},"end":{"line":106,"column":3}},"line":87},"8":{"name":"(anonymous_8)","decl":{"start":{"line":92,"column":55},"end":{"line":92,"column":56}},"loc":{"start":{"line":92,"column":61},"end":{"line":98,"column":7}},"line":92},"9":{"name":"(anonymous_9)","decl":{"start":{"line":98,"column":15},"end":{"line":98,"column":16}},"loc":{"start":{"line":98,"column":26},"end":{"line":101,"column":7}},"line":98},"10":{"name":"(anonymous_10)","decl":{"start":{"line":108,"column":24},"end":{"line":108,"column":25}},"loc":{"start":{"line":108,"column":44},"end":{"line":125,"column":3}},"line":108},"11":{"name":"(anonymous_11)","decl":{"start":{"line":113,"column":92},"end":{"line":113,"column":93}},"loc":{"start":{"line":113,"column":105},"end":{"line":118,"column":7}},"line":113},"12":{"name":"(anonymous_12)","decl":{"start":{"line":118,"column":15},"end":{"line":118,"column":16}},"loc":{"start":{"line":118,"column":26},"end":{"line":120,"column":7}},"line":118},"13":{"name":"(anonymous_13)","decl":{"start":{"line":128,"column":26},"end":{"line":128,"column":27}},"loc":{"start":{"line":128,"column":46},"end":{"line":141,"column":3}},"line":128},"14":{"name":"(anonymous_14)","decl":{"start":{"line":132,"column":48},"end":{"line":132,"column":49}},"loc":{"start":{"line":132,"column":61},"end":{"line":134,"column":7}},"line":132},"15":{"name":"(anonymous_15)","decl":{"start":{"line":134,"column":15},"end":{"line":134,"column":16}},"loc":{"start":{"line":134,"column":26},"end":{"line":136,"column":7}},"line":134}},"branchMap":{"0":{"loc":{"start":{"line":13,"column":14},"end":{"line":13,"column":33}},"type":"binary-expr","locations":[{"start":{"line":13,"column":14},"end":{"line":13,"column":28}},{"start":{"line":13,"column":32},"end":{"line":13,"column":33}}],"line":13},"1":{"loc":{"start":{"line":14,"column":15},"end":{"line":14,"column":68}},"type":"cond-expr","locations":[{"start":{"line":14,"column":40},"end":{"line":14,"column":42}},{"start":{"line":14,"column":45},"end":{"line":14,"column":68}}],"line":14},"2":{"loc":{"start":{"line":14,"column":45},"end":{"line":14,"column":68}},"type":"binary-expr","locations":[{"start":{"line":14,"column":45},"end":{"line":14,"column":62}},{"start":{"line":14,"column":66},"end":{"line":14,"column":68}}],"line":14},"3":{"loc":{"start":{"line":17,"column":6},"end":{"line":30,"column":7}},"type":"if","locations":[{"start":{"line":17,"column":6},"end":{"line":30,"column":7}},{"start":{},"end":{}}],"line":17},"4":{"loc":{"start":{"line":55,"column":8},"end":{"line":60,"column":9}},"type":"if","locations":[{"start":{"line":55,"column":8},"end":{"line":60,"column":9}},{"start":{"line":58,"column":15},"end":{"line":60,"column":9}}],"line":55},"5":{"loc":{"start":{"line":93,"column":8},"end":{"line":95,"column":9}},"type":"if","locations":[{"start":{"line":93,"column":8},"end":{"line":95,"column":9}},{"start":{},"end":{}}],"line":93},"6":{"loc":{"start":{"line":114,"column":8},"end":{"line":116,"column":9}},"type":"if","locations":[{"start":{"line":114,"column":8},"end":{"line":116,"column":9}},{"start":{},"end":{}}],"line":114}},"s":{"0":6,"1":2,"2":2,"3":2,"4":2,"5":2,"6":2,"7":0,"8":0,"9":0,"10":0,"11":0,"12":0,"13":0,"14":0,"15":0,"16":2,"17":2,"18":2,"19":2,"20":20,"21":2,"22":2,"23":20,"24":2,"25":0,"26":6,"27":2,"28":2,"29":2,"30":1,"31":1,"32":0,"33":1,"34":0,"35":6,"36":2,"37":2,"38":2,"39":1,"40":1,"41":0,"42":6,"43":2,"44":2,"45":2,"46":2,"47":1,"48":0,"49":1,"50":1,"51":0,"52":6,"53":1,"54":1,"55":1,"56":1,"57":0,"58":0,"59":0,"60":0,"61":1,"62":6,"63":1,"64":1,"65":1,"66":1,"67":0,"68":0},"f":{"0":2,"1":2,"2":1,"3":1,"4":2,"5":1,"6":1,"7":2,"8":1,"9":1,"10":1,"11":0,"12":0,"13":1,"14":1,"15":0},"b":{"0":[2,2],"1":[0,2],"2":[2,2],"3":[0,2],"4":[1,0],"5":[0,1],"6":[0,0]},"_coverageSchema":"1a1c01bbd47fc00a2c39e90264f33305004495a9","hash":"24c60eb76ba39d66b09adab95c11767520b4731e"}
,"C:\\Users\\Mateus Moraes\\Projects\\Faculdade\\fechadura-back-end\\src\\middlewares\\AuthMiddleware.js": {"path":"C:\\Users\\Mateus Moraes\\Projects\\Faculdade\\fechadura-back-end\\src\\middlewares\\AuthMiddleware.js","statementMap":{"0":{"start":{"line":3,"column":23},"end":{"line":24,"column":1}},"1":{"start":{"line":4,"column":2},"end":{"line":23,"column":3}},"2":{"start":{"line":5,"column":17},"end":{"line":5,"column":42}},"3":{"start":{"line":7,"column":4},"end":{"line":9,"column":5}},"4":{"start":{"line":8,"column":6},"end":{"line":8,"column":98}},"5":{"start":{"line":11,"column":22},"end":{"line":11,"column":37}},"6":{"start":{"line":13,"column":4},"end":{"line":19,"column":6}},"7":{"start":{"line":14,"column":6},"end":{"line":16,"column":7}},"8":{"start":{"line":15,"column":8},"end":{"line":15,"column":93}},"9":{"start":{"line":18,"column":6},"end":{"line":18,"column":13}},"10":{"start":{"line":22,"column":4},"end":{"line":22,"column":88}}},"fnMap":{"0":{"name":"(anonymous_0)","decl":{"start":{"line":3,"column":23},"end":{"line":3,"column":24}},"loc":{"start":{"line":3,"column":49},"end":{"line":24,"column":1}},"line":3},"1":{"name":"(anonymous_1)","decl":{"start":{"line":13,"column":42},"end":{"line":13,"column":43}},"loc":{"start":{"line":13,"column":62},"end":{"line":19,"column":5}},"line":13}},"branchMap":{"0":{"loc":{"start":{"line":7,"column":4},"end":{"line":9,"column":5}},"type":"if","locations":[{"start":{"line":7,"column":4},"end":{"line":9,"column":5}},{"start":{},"end":{}}],"line":7},"1":{"loc":{"start":{"line":14,"column":6},"end":{"line":16,"column":7}},"type":"if","locations":[{"start":{"line":14,"column":6},"end":{"line":16,"column":7}},{"start":{},"end":{}}],"line":14}},"s":{"0":5,"1":41,"2":41,"3":41,"4":0,"5":41,"6":41,"7":41,"8":0,"9":41,"10":0},"f":{"0":41,"1":41},"b":{"0":[0,41],"1":[0,41]},"_coverageSchema":"1a1c01bbd47fc00a2c39e90264f33305004495a9","hash":"8e614f0cd66f9929e814f43f1f97e85197f27105"}
,"C:\\Users\\Mateus Moraes\\Projects\\Faculdade\\fechadura-back-end\\src\\middlewares\\AuthPermission.js": {"path":"C:\\Users\\Mateus Moraes\\Projects\\Faculdade\\fechadura-back-end\\src\\middlewares\\AuthPermission.js","statementMap":{"0":{"start":{"line":7,"column":13},"end":{"line":7,"column":15}},"1":{"start":{"line":9,"column":18},"end":{"line":23,"column":1}},"2":{"start":{"line":10,"column":20},"end":{"line":10,"column":56}},"3":{"start":{"line":11,"column":11},"end":{"line":11,"column":15}},"4":{"start":{"line":12,"column":2},"end":{"line":22,"column":3}},"5":{"start":{"line":13,"column":4},"end":{"line":18,"column":6}},"6":{"start":{"line":14,"column":6},"end":{"line":16,"column":7}},"7":{"start":{"line":15,"column":8},"end":{"line":15,"column":94}},"8":{"start":{"line":17,"column":6},"end":{"line":17,"column":22}},"9":{"start":{"line":19,"column":4},"end":{"line":19,"column":14}},"10":{"start":{"line":21,"column":4},"end":{"line":21,"column":108}},"11":{"start":{"line":26,"column":28},"end":{"line":103,"column":3}},"12":{"start":{"line":27,"column":4},"end":{"line":27,"column":16}},"13":{"start":{"line":29,"column":20},"end":{"line":29,"column":70}},"14":{"start":{"line":31,"column":4},"end":{"line":33,"column":5}},"15":{"start":{"line":32,"column":6},"end":{"line":32,"column":123}},"16":{"start":{"line":35,"column":17},"end":{"line":35,"column":70}},"17":{"start":{"line":37,"column":4},"end":{"line":39,"column":5}},"18":{"start":{"line":38,"column":6},"end":{"line":38,"column":168}},"19":{"start":{"line":41,"column":4},"end":{"line":43,"column":5}},"20":{"start":{"line":42,"column":6},"end":{"line":42,"column":192}},"21":{"start":{"line":45,"column":4},"end":{"line":47,"column":5}},"22":{"start":{"line":46,"column":6},"end":{"line":46,"column":187}},"23":{"start":{"line":49,"column":15},"end":{"line":49,"column":50}},"24":{"start":{"line":51,"column":4},"end":{"line":51,"column":95}},"25":{"start":{"line":54,"column":4},"end":{"line":72,"column":5}},"26":{"start":{"line":54,"column":17},"end":{"line":54,"column":18}},"27":{"start":{"line":55,"column":6},"end":{"line":71,"column":7}},"28":{"start":{"line":56,"column":8},"end":{"line":70,"column":9}},"29":{"start":{"line":57,"column":10},"end":{"line":67,"column":11}},"30":{"start":{"line":58,"column":12},"end":{"line":64,"column":13}},"31":{"start":{"line":59,"column":14},"end":{"line":59,"column":26}},"32":{"start":{"line":60,"column":14},"end":{"line":60,"column":27}},"33":{"start":{"line":62,"column":14},"end":{"line":62,"column":35}},"34":{"start":{"line":63,"column":14},"end":{"line":63,"column":136}},"35":{"start":{"line":66,"column":12},"end":{"line":66,"column":223}},"36":{"start":{"line":69,"column":10},"end":{"line":69,"column":191}},"37":{"start":{"line":75,"column":4},"end":{"line":97,"column":5}},"38":{"start":{"line":75,"column":17},"end":{"line":75,"column":18}},"39":{"start":{"line":76,"column":6},"end":{"line":96,"column":7}},"40":{"start":{"line":77,"column":8},"end":{"line":93,"column":9}},"41":{"start":{"line":77,"column":21},"end":{"line":77,"column":22}},"42":{"start":{"line":78,"column":10},"end":{"line":92,"column":11}},"43":{"start":{"line":79,"column":12},"end":{"line":91,"column":13}},"44":{"start":{"line":80,"column":14},"end":{"line":88,"column":15}},"45":{"start":{"line":81,"column":16},"end":{"line":87,"column":17}},"46":{"start":{"line":82,"column":18},"end":{"line":82,"column":30}},"47":{"start":{"line":83,"column":18},"end":{"line":83,"column":31}},"48":{"start":{"line":85,"column":18},"end":{"line":85,"column":39}},"49":{"start":{"line":86,"column":18},"end":{"line":86,"column":114}},"50":{"start":{"line":90,"column":14},"end":{"line":90,"column":210}},"51":{"start":{"line":95,"column":8},"end":{"line":95,"column":150}},"52":{"start":{"line":99,"column":4},"end":{"line":101,"column":5}},"53":{"start":{"line":100,"column":6},"end":{"line":100,"column":42}}},"fnMap":{"0":{"name":"(anonymous_0)","decl":{"start":{"line":9,"column":18},"end":{"line":9,"column":19}},"loc":{"start":{"line":9,"column":38},"end":{"line":23,"column":1}},"line":9},"1":{"name":"(anonymous_1)","decl":{"start":{"line":13,"column":42},"end":{"line":13,"column":43}},"loc":{"start":{"line":13,"column":62},"end":{"line":18,"column":5}},"line":13},"2":{"name":"(anonymous_2)","decl":{"start":{"line":26,"column":28},"end":{"line":26,"column":29}},"loc":{"start":{"line":26,"column":70},"end":{"line":103,"column":3}},"line":26}},"branchMap":{"0":{"loc":{"start":{"line":12,"column":2},"end":{"line":22,"column":3}},"type":"if","locations":[{"start":{"line":12,"column":2},"end":{"line":22,"column":3}},{"start":{"line":20,"column":9},"end":{"line":22,"column":3}}],"line":12},"1":{"loc":{"start":{"line":14,"column":6},"end":{"line":16,"column":7}},"type":"if","locations":[{"start":{"line":14,"column":6},"end":{"line":16,"column":7}},{"start":{},"end":{}}],"line":14},"2":{"loc":{"start":{"line":31,"column":4},"end":{"line":33,"column":5}},"type":"if","locations":[{"start":{"line":31,"column":4},"end":{"line":33,"column":5}},{"start":{},"end":{}}],"line":31},"3":{"loc":{"start":{"line":37,"column":4},"end":{"line":39,"column":5}},"type":"if","locations":[{"start":{"line":37,"column":4},"end":{"line":39,"column":5}},{"start":{},"end":{}}],"line":37},"4":{"loc":{"start":{"line":41,"column":4},"end":{"line":43,"column":5}},"type":"if","locations":[{"start":{"line":41,"column":4},"end":{"line":43,"column":5}},{"start":{},"end":{}}],"line":41},"5":{"loc":{"start":{"line":45,"column":4},"end":{"line":47,"column":5}},"type":"if","locations":[{"start":{"line":45,"column":4},"end":{"line":47,"column":5}},{"start":{},"end":{}}],"line":45},"6":{"loc":{"start":{"line":55,"column":6},"end":{"line":71,"column":7}},"type":"if","locations":[{"start":{"line":55,"column":6},"end":{"line":71,"column":7}},{"start":{},"end":{}}],"line":55},"7":{"loc":{"start":{"line":56,"column":8},"end":{"line":70,"column":9}},"type":"if","locations":[{"start":{"line":56,"column":8},"end":{"line":70,"column":9}},{"start":{"line":68,"column":15},"end":{"line":70,"column":9}}],"line":56},"8":{"loc":{"start":{"line":57,"column":10},"end":{"line":67,"column":11}},"type":"if","locations":[{"start":{"line":57,"column":10},"end":{"line":67,"column":11}},{"start":{"line":65,"column":17},"end":{"line":67,"column":11}}],"line":57},"9":{"loc":{"start":{"line":76,"column":6},"end":{"line":96,"column":7}},"type":"if","locations":[{"start":{"line":76,"column":6},"end":{"line":96,"column":7}},{"start":{"line":94,"column":13},"end":{"line":96,"column":7}}],"line":76},"10":{"loc":{"start":{"line":78,"column":10},"end":{"line":92,"column":11}},"type":"if","locations":[{"start":{"line":78,"column":10},"end":{"line":92,"column":11}},{"start":{},"end":{}}],"line":78},"11":{"loc":{"start":{"line":79,"column":12},"end":{"line":91,"column":13}},"type":"if","locations":[{"start":{"line":79,"column":12},"end":{"line":91,"column":13}},{"start":{"line":89,"column":19},"end":{"line":91,"column":13}}],"line":79},"12":{"loc":{"start":{"line":80,"column":14},"end":{"line":88,"column":15}},"type":"if","locations":[{"start":{"line":80,"column":14},"end":{"line":88,"column":15}},{"start":{},"end":{}}],"line":80},"13":{"loc":{"start":{"line":99,"column":4},"end":{"line":101,"column":5}},"type":"if","locations":[{"start":{"line":99,"column":4},"end":{"line":101,"column":5}},{"start":{},"end":{}}],"line":99}},"s":{"0":6,"1":6,"2":2,"3":2,"4":2,"5":2,"6":2,"7":0,"8":2,"9":2,"10":0,"11":6,"12":2,"13":2,"14":2,"15":0,"16":2,"17":2,"18":0,"19":2,"20":0,"21":2,"22":0,"23":2,"24":2,"25":2,"26":2,"27":2,"28":2,"29":2,"30":2,"31":2,"32":2,"33":0,"34":0,"35":0,"36":0,"37":0,"38":0,"39":0,"40":0,"41":0,"42":0,"43":0,"44":0,"45":0,"46":0,"47":0,"48":0,"49":0,"50":0,"51":0,"52":0,"53":0},"f":{"0":2,"1":2,"2":2},"b":{"0":[2,0],"1":[0,2],"2":[0,2],"3":[0,2],"4":[0,2],"5":[0,2],"6":[2,0],"7":[2,0],"8":[2,0],"9":[0,0],"10":[0,0],"11":[0,0],"12":[0,0],"13":[0,0]},"_coverageSchema":"1a1c01bbd47fc00a2c39e90264f33305004495a9","hash":"40dc3ab89e06ba46eadd122a346d1ea5ed9f6425"}
,"C:\\Users\\Mateus Moraes\\Projects\\Faculdade\\fechadura-back-end\\src\\models\\GrupoPorta.js": {"path":"C:\\Users\\Mateus Moraes\\Projects\\Faculdade\\fechadura-back-end\\src\\models\\GrupoPorta.js","statementMap":{"0":{"start":{"line":4,"column":25},"end":{"line":16,"column":1}},"1":{"start":{"line":18,"column":0},"end":{"line":18,"column":42}},"2":{"start":{"line":20,"column":20},"end":{"line":20,"column":67}}},"fnMap":{},"branchMap":{},"s":{"0":8,"1":8,"2":8},"f":{},"b":{},"_coverageSchema":"1a1c01bbd47fc00a2c39e90264f33305004495a9","hash":"4712c76df5e87d3f3ac12491deaac75d54a7624e"}
,"C:\\Users\\Mateus Moraes\\Projects\\Faculdade\\fechadura-back-end\\src\\models\\GrupoUsuario.js": {"path":"C:\\Users\\Mateus Moraes\\Projects\\Faculdade\\fechadura-back-end\\src\\models\\GrupoUsuario.js","statementMap":{"0":{"start":{"line":4,"column":27},"end":{"line":25,"column":1}},"1":{"start":{"line":27,"column":0},"end":{"line":27,"column":44}},"2":{"start":{"line":29,"column":22},"end":{"line":29,"column":73}}},"fnMap":{},"branchMap":{},"s":{"0":7,"1":7,"2":7},"f":{},"b":{},"_coverageSchema":"1a1c01bbd47fc00a2c39e90264f33305004495a9","hash":"69d0ebd682645061a444dd2748f714aa90055764"}
,"C:\\Users\\Mateus Moraes\\Projects\\Faculdade\\fechadura-back-end\\src\\models\\Porta.js": {"path":"C:\\Users\\Mateus Moraes\\Projects\\Faculdade\\fechadura-back-end\\src\\models\\Porta.js","statementMap":{"0":{"start":{"line":4,"column":20},"end":{"line":10,"column":1}},"1":{"start":{"line":12,"column":0},"end":{"line":12,"column":37}},"2":{"start":{"line":14,"column":15},"end":{"line":14,"column":52}}},"fnMap":{},"branchMap":{},"s":{"0":6,"1":6,"2":6},"f":{},"b":{},"_coverageSchema":"1a1c01bbd47fc00a2c39e90264f33305004495a9","hash":"37c2060dec7e32543ee09a3ac87c1293afb1d95e"}
,"C:\\Users\\Mateus Moraes\\Projects\\Faculdade\\fechadura-back-end\\src\\models\\Rota.js": {"path":"C:\\Users\\Mateus Moraes\\Projects\\Faculdade\\fechadura-back-end\\src\\models\\Rota.js","statementMap":{"0":{"start":{"line":4,"column":19},"end":{"line":15,"column":1}},"1":{"start":{"line":17,"column":0},"end":{"line":17,"column":36}},"2":{"start":{"line":19,"column":14},"end":{"line":19,"column":49}}},"fnMap":{},"branchMap":{},"s":{"0":6,"1":6,"2":6},"f":{},"b":{},"_coverageSchema":"1a1c01bbd47fc00a2c39e90264f33305004495a9","hash":"f8597b0a8075b0f04d4c979a84776a98b4749e7c"}
,"C:\\Users\\Mateus Moraes\\Projects\\Faculdade\\fechadura-back-end\\src\\models\\Usuario.js": {"path":"C:\\Users\\Mateus Moraes\\Projects\\Faculdade\\fechadura-back-end\\src\\models\\Usuario.js","statementMap":{"0":{"start":{"line":4,"column":22},"end":{"line":43,"column":1}},"1":{"start":{"line":45,"column":0},"end":{"line":45,"column":39}},"2":{"start":{"line":47,"column":17},"end":{"line":47,"column":58}}},"fnMap":{},"branchMap":{},"s":{"0":7,"1":7,"2":7},"f":{},"b":{},"_coverageSchema":"1a1c01bbd47fc00a2c39e90264f33305004495a9","hash":"4b5e0af89672208002449e8a334b3c31cb535fbb"}
,"C:\\Users\\Mateus Moraes\\Projects\\Faculdade\\fechadura-back-end\\src\\routes\\grupoPortaRoutes.js": {"path":"C:\\Users\\Mateus Moraes\\Projects\\Faculdade\\fechadura-back-end\\src\\routes\\grupoPortaRoutes.js","statementMap":{"0":{"start":{"line":5,"column":15},"end":{"line":5,"column":31}},"1":{"start":{"line":311,"column":0},"end":{"line":317,"column":87}}},"fnMap":{},"branchMap":{},"s":{"0":5,"1":5},"f":{},"b":{},"_coverageSchema":"1a1c01bbd47fc00a2c39e90264f33305004495a9","hash":"1d48cc7205236b032465368837d596b6b11e9907"}
,"C:\\Users\\Mateus Moraes\\Projects\\Faculdade\\fechadura-back-end\\src\\routes\\grupoUsuarioRoutes.js": {"path":"C:\\Users\\Mateus Moraes\\Projects\\Faculdade\\fechadura-back-end\\src\\routes\\grupoUsuarioRoutes.js","statementMap":{"0":{"start":{"line":5,"column":15},"end":{"line":5,"column":31}},"1":{"start":{"line":308,"column":0},"end":{"line":314,"column":94}}},"fnMap":{},"branchMap":{},"s":{"0":5,"1":5},"f":{},"b":{},"_coverageSchema":"1a1c01bbd47fc00a2c39e90264f33305004495a9","hash":"3168a6a0bc1505c9b23be110cdafee46b4390569"}
,"C:\\Users\\Mateus Moraes\\Projects\\Faculdade\\fechadura-back-end\\src\\routes\\index.js": {"path":"C:\\Users\\Mateus Moraes\\Projects\\Faculdade\\fechadura-back-end\\src\\routes\\index.js","statementMap":{"0":{"start":{"line":295,"column":15},"end":{"line":310,"column":1}},"1":{"start":{"line":296,"column":2},"end":{"line":298,"column":4}},"2":{"start":{"line":297,"column":4},"end":{"line":297,"column":38}},"3":{"start":{"line":300,"column":2},"end":{"line":308,"column":3}}},"fnMap":{"0":{"name":"(anonymous_0)","decl":{"start":{"line":295,"column":15},"end":{"line":295,"column":16}},"loc":{"start":{"line":295,"column":24},"end":{"line":310,"column":1}},"line":295},"1":{"name":"(anonymous_1)","decl":{"start":{"line":296,"column":21},"end":{"line":296,"column":22}},"loc":{"start":{"line":296,"column":35},"end":{"line":298,"column":3}},"line":296}},"branchMap":{},"s":{"0":5,"1":5,"2":0,"3":5},"f":{"0":5,"1":0},"b":{},"_coverageSchema":"1a1c01bbd47fc00a2c39e90264f33305004495a9","hash":"1b74c61f6d42ad7e0edb357de2826d263927252a"}
,"C:\\Users\\Mateus Moraes\\Projects\\Faculdade\\fechadura-back-end\\src\\routes\\loginRoutes.js": {"path":"C:\\Users\\Mateus Moraes\\Projects\\Faculdade\\fechadura-back-end\\src\\routes\\loginRoutes.js","statementMap":{"0":{"start":{"line":4,"column":15},"end":{"line":4,"column":31}},"1":{"start":{"line":60,"column":0},"end":{"line":61,"column":45}}},"fnMap":{},"branchMap":{},"s":{"0":5,"1":5},"f":{},"b":{},"_coverageSchema":"1a1c01bbd47fc00a2c39e90264f33305004495a9","hash":"6b4c31c93d632b9224fe202c352112a383006852"}
,"C:\\Users\\Mateus Moraes\\Projects\\Faculdade\\fechadura-back-end\\src\\routes\\portaRoutes.js": {"path":"C:\\Users\\Mateus Moraes\\Projects\\Faculdade\\fechadura-back-end\\src\\routes\\portaRoutes.js","statementMap":{"0":{"start":{"line":5,"column":15},"end":{"line":5,"column":31}},"1":{"start":{"line":316,"column":0},"end":{"line":322,"column":71}}},"fnMap":{},"branchMap":{},"s":{"0":5,"1":5},"f":{},"b":{},"_coverageSchema":"1a1c01bbd47fc00a2c39e90264f33305004495a9","hash":"92aa24fa8315629df81f7ed7ec10fd0808207096"}
,"C:\\Users\\Mateus Moraes\\Projects\\Faculdade\\fechadura-back-end\\src\\routes\\rotaRoutes.js": {"path":"C:\\Users\\Mateus Moraes\\Projects\\Faculdade\\fechadura-back-end\\src\\routes\\rotaRoutes.js","statementMap":{"0":{"start":{"line":5,"column":15},"end":{"line":5,"column":31}},"1":{"start":{"line":352,"column":0},"end":{"line":358,"column":67}}},"fnMap":{},"branchMap":{},"s":{"0":5,"1":5},"f":{},"b":{},"_coverageSchema":"1a1c01bbd47fc00a2c39e90264f33305004495a9","hash":"811cc24320d105bfb73aa3f66a2ee7d6bf2e85c9"}
,"C:\\Users\\Mateus Moraes\\Projects\\Faculdade\\fechadura-back-end\\src\\routes\\usuarioRoutes.js": {"path":"C:\\Users\\Mateus Moraes\\Projects\\Faculdade\\fechadura-back-end\\src\\routes\\usuarioRoutes.js","statementMap":{"0":{"start":{"line":5,"column":15},"end":{"line":5,"column":31}},"1":{"start":{"line":338,"column":0},"end":{"line":344,"column":76}}},"fnMap":{},"branchMap":{},"s":{"0":5,"1":5},"f":{},"b":{},"_coverageSchema":"1a1c01bbd47fc00a2c39e90264f33305004495a9","hash":"27591c9713e9a5c7c4dc0a79956e64596f08c09e"}
}
