TN:
SF:src\app.js
FN:6,connectDatabase
FN:8,(anonymous_1)
FNF:2
FNH:2
FNDA:5,connectDatabase
FNDA:4,(anonymous_1)
DA:7,5
DA:8,5
DA:12,5
DA:15,5
DA:18,5
DA:20,5
DA:22,5
LF:7
LH:7
BRF:0
BRH:0
end_of_record
TN:
SF:src\config\dbConnect.js
FNF:0
FNH:0
DA:4,5
DA:6,5
DA:8,5
DA:10,5
LF:4
LH:4
BRF:0
BRH:0
end_of_record
TN:
SF:src\controllers\grupoPortaController.js
FN:4,(anonymous_0)
FN:52,(anonymous_1)
FN:56,(anonymous_2)
FN:62,(anonymous_3)
FN:71,(anonymous_4)
FN:75,(anonymous_5)
FN:78,(anonymous_6)
FN:87,(anonymous_7)
FN:92,(anonymous_8)
FN:97,(anonymous_9)
FN:106,(anonymous_10)
FN:111,(anonymous_11)
FN:116,(anonymous_12)
FN:125,(anonymous_13)
FN:129,(anonymous_14)
FN:131,(anonymous_15)
FNF:16
FNH:13
FNDA:1,(anonymous_0)
FNDA:2,(anonymous_1)
FNDA:1,(anonymous_2)
FNDA:1,(anonymous_3)
FNDA:2,(anonymous_4)
FNDA:1,(anonymous_5)
FNDA:1,(anonymous_6)
FNDA:0,(anonymous_7)
FNDA:0,(anonymous_8)
FNDA:0,(anonymous_9)
FNDA:2,(anonymous_10)
FNDA:1,(anonymous_11)
FNDA:1,(anonymous_12)
FNDA:2,(anonymous_13)
FNDA:1,(anonymous_14)
FNDA:1,(anonymous_15)
DA:4,6
DA:5,1
DA:6,1
DA:7,1
DA:8,1
DA:9,1
DA:10,1
DA:12,1
DA:17,1
DA:18,0
DA:19,0
DA:20,0
DA:23,1
DA:25,0
DA:26,0
DA:27,0
DA:30,1
DA:31,0
DA:32,0
DA:33,0
DA:36,1
DA:37,0
DA:38,0
DA:39,0
DA:43,1
DA:44,1
DA:45,1
DA:48,0
DA:52,6
DA:53,2
DA:54,2
DA:56,2
DA:57,1
DA:58,1
DA:60,0
DA:63,1
DA:67,0
DA:71,6
DA:72,2
DA:73,2
DA:75,2
DA:76,1
DA:79,1
DA:83,0
DA:87,6
DA:88,0
DA:89,0
DA:90,0
DA:92,0
DA:93,0
DA:94,0
DA:96,0
DA:98,0
DA:102,0
DA:106,6
DA:107,2
DA:108,2
DA:109,2
DA:111,2
DA:112,1
DA:113,0
DA:115,1
DA:117,1
DA:121,0
DA:125,6
DA:126,2
DA:127,2
DA:129,2
DA:130,1
DA:132,1
DA:135,0
LF:71
LH:43
BRDA:13,0,0,1
BRDA:13,0,1,1
BRDA:14,1,0,0
BRDA:14,1,1,1
BRDA:14,2,0,1
BRDA:14,2,1,1
BRDA:17,3,0,0
BRDA:17,3,1,1
BRDA:17,4,0,1
BRDA:17,4,1,0
BRDA:23,5,0,0
BRDA:23,5,1,1
BRDA:30,6,0,0
BRDA:30,6,1,1
BRDA:36,7,0,0
BRDA:36,7,1,1
BRDA:57,8,0,1
BRDA:57,8,1,0
BRDA:93,9,0,0
BRDA:93,9,1,0
BRDA:112,10,0,0
BRDA:112,10,1,1
BRF:22
BRH:12
end_of_record
TN:
SF:src\controllers\grupoUsuarioController.js
FN:4,(anonymous_0)
FN:51,(anonymous_1)
FN:55,(anonymous_2)
FN:61,(anonymous_3)
FN:69,(anonymous_4)
FN:73,(anonymous_5)
FN:75,(anonymous_6)
FN:84,(anonymous_7)
FN:89,(anonymous_8)
FN:94,(anonymous_9)
FN:103,(anonymous_10)
FN:108,(anonymous_11)
FN:113,(anonymous_12)
FN:122,(anonymous_13)
FN:126,(anonymous_14)
FN:128,(anonymous_15)
FNF:16
FNH:0
FNDA:0,(anonymous_0)
FNDA:0,(anonymous_1)
FNDA:0,(anonymous_2)
FNDA:0,(anonymous_3)
FNDA:0,(anonymous_4)
FNDA:0,(anonymous_5)
FNDA:0,(anonymous_6)
FNDA:0,(anonymous_7)
FNDA:0,(anonymous_8)
FNDA:0,(anonymous_9)
FNDA:0,(anonymous_10)
FNDA:0,(anonymous_11)
FNDA:0,(anonymous_12)
FNDA:0,(anonymous_13)
FNDA:0,(anonymous_14)
FNDA:0,(anonymous_15)
DA:4,5
DA:5,0
DA:6,0
DA:7,0
DA:8,0
DA:9,0
DA:10,0
DA:12,0
DA:17,0
DA:18,0
DA:19,0
DA:20,0
DA:23,0
DA:24,0
DA:25,0
DA:26,0
DA:29,0
DA:30,0
DA:31,0
DA:32,0
DA:35,0
DA:36,0
DA:37,0
DA:38,0
DA:42,0
DA:43,0
DA:44,0
DA:47,0
DA:51,5
DA:52,0
DA:53,0
DA:55,0
DA:56,0
DA:57,0
DA:59,0
DA:62,0
DA:65,0
DA:69,5
DA:70,0
DA:71,0
DA:73,0
DA:74,0
DA:76,0
DA:80,0
DA:84,5
DA:85,0
DA:86,0
DA:87,0
DA:89,0
DA:90,0
DA:91,0
DA:93,0
DA:95,0
DA:99,0
DA:103,5
DA:104,0
DA:105,0
DA:106,0
DA:108,0
DA:109,0
DA:110,0
DA:112,0
DA:114,0
DA:118,0
DA:122,5
DA:123,0
DA:124,0
DA:126,0
DA:127,0
DA:129,0
DA:133,0
LF:71
LH:6
BRDA:13,0,0,0
BRDA:13,0,1,0
BRDA:14,1,0,0
BRDA:14,1,1,0
BRDA:14,2,0,0
BRDA:14,2,1,0
BRDA:14,3,0,0
BRDA:14,3,1,0
BRDA:17,4,0,0
BRDA:17,4,1,0
BRDA:17,5,0,0
BRDA:17,5,1,0
BRDA:23,6,0,0
BRDA:23,6,1,0
BRDA:29,7,0,0
BRDA:29,7,1,0
BRDA:35,8,0,0
BRDA:35,8,1,0
BRDA:56,9,0,0
BRDA:56,9,1,0
BRDA:90,10,0,0
BRDA:90,10,1,0
BRDA:109,11,0,0
BRDA:109,11,1,0
BRF:24
BRH:0
end_of_record
TN:
SF:src\controllers\loginAutenticacao.js
FN:8,(anonymous_0)
FNF:1
FNH:1
FNDA:5,(anonymous_0)
DA:8,5
DA:9,5
DA:10,5
DA:12,5
DA:14,4
DA:15,0
DA:18,4
DA:19,0
DA:22,4
DA:24,4
DA:25,4
DA:27,4
DA:45,0
LF:13
LH:10
BRDA:14,0,0,0
BRDA:14,0,1,4
BRDA:14,1,0,4
BRDA:14,1,1,4
BRDA:18,2,0,0
BRDA:18,2,1,4
BRF:6
BRH:4
end_of_record
TN:
SF:src\controllers\portaController.js
FN:5,(anonymous_0)
FN:51,(anonymous_1)
FN:54,(anonymous_2)
FN:60,(anonymous_3)
FN:68,(anonymous_4)
FN:72,(anonymous_5)
FN:74,(anonymous_6)
FN:83,(anonymous_7)
FN:88,(anonymous_8)
FN:93,(anonymous_9)
FN:102,(anonymous_10)
FN:107,(anonymous_11)
FN:112,(anonymous_12)
FN:120,(anonymous_13)
FN:124,(anonymous_14)
FN:126,(anonymous_15)
FNF:16
FNH:14
FNDA:2,(anonymous_0)
FNDA:3,(anonymous_1)
FNDA:2,(anonymous_2)
FNDA:1,(anonymous_3)
FNDA:2,(anonymous_4)
FNDA:1,(anonymous_5)
FNDA:1,(anonymous_6)
FNDA:2,(anonymous_7)
FNDA:1,(anonymous_8)
FNDA:1,(anonymous_9)
FNDA:1,(anonymous_10)
FNDA:1,(anonymous_11)
FNDA:0,(anonymous_12)
FNDA:1,(anonymous_13)
FNDA:1,(anonymous_14)
FNDA:0,(anonymous_15)
DA:5,6
DA:6,2
DA:7,2
DA:8,2
DA:9,2
DA:10,2
DA:11,2
DA:13,2
DA:18,2
DA:19,0
DA:20,0
DA:21,0
DA:24,2
DA:25,0
DA:26,0
DA:27,0
DA:30,2
DA:31,0
DA:32,0
DA:33,0
DA:36,2
DA:37,0
DA:38,0
DA:39,0
DA:42,2
DA:43,2
DA:44,2
DA:47,0
DA:51,6
DA:52,3
DA:53,3
DA:54,3
DA:55,2
DA:56,1
DA:58,1
DA:61,1
DA:64,0
DA:68,6
DA:69,2
DA:70,2
DA:72,2
DA:73,1
DA:75,1
DA:79,0
DA:83,6
DA:84,2
DA:85,2
DA:86,2
DA:88,2
DA:89,1
DA:90,0
DA:92,1
DA:94,1
DA:98,0
DA:102,6
DA:103,1
DA:104,1
DA:105,1
DA:107,1
DA:108,1
DA:109,0
DA:111,1
DA:113,0
DA:116,0
DA:120,6
DA:121,1
DA:122,1
DA:124,1
DA:125,1
DA:127,0
DA:131,0
LF:71
LH:49
BRDA:14,0,0,2
BRDA:14,0,1,2
BRDA:15,1,0,0
BRDA:15,1,1,2
BRDA:15,2,0,2
BRDA:15,2,1,2
BRDA:18,3,0,0
BRDA:18,3,1,2
BRDA:24,4,0,0
BRDA:24,4,1,2
BRDA:30,5,0,0
BRDA:30,5,1,2
BRDA:36,6,0,0
BRDA:36,6,1,2
BRDA:36,7,0,2
BRDA:36,7,1,0
BRDA:55,8,0,1
BRDA:55,8,1,1
BRDA:89,9,0,0
BRDA:89,9,1,1
BRDA:108,10,0,0
BRDA:108,10,1,1
BRF:22
BRH:14
end_of_record
TN:
SF:src\controllers\rotaController.js
FN:6,(anonymous_0)
FN:39,(anonymous_1)
FN:43,(anonymous_2)
FN:49,(anonymous_3)
FN:58,(anonymous_4)
FN:62,(anonymous_5)
FN:64,(anonymous_6)
FN:73,(anonymous_7)
FN:78,(anonymous_8)
FN:83,(anonymous_9)
FN:92,(anonymous_10)
FN:97,(anonymous_11)
FN:102,(anonymous_12)
FN:111,(anonymous_13)
FN:115,(anonymous_14)
FN:117,(anonymous_15)
FNF:16
FNH:14
FNDA:2,(anonymous_0)
FNDA:3,(anonymous_1)
FNDA:2,(anonymous_2)
FNDA:1,(anonymous_3)
FNDA:2,(anonymous_4)
FNDA:1,(anonymous_5)
FNDA:1,(anonymous_6)
FNDA:2,(anonymous_7)
FNDA:1,(anonymous_8)
FNDA:1,(anonymous_9)
FNDA:1,(anonymous_10)
FNDA:1,(anonymous_11)
FNDA:0,(anonymous_12)
FNDA:1,(anonymous_13)
FNDA:1,(anonymous_14)
FNDA:0,(anonymous_15)
DA:6,6
DA:7,2
DA:9,2
DA:10,0
DA:13,2
DA:14,2
DA:15,2
DA:18,2
DA:23,2
DA:24,1
DA:25,1
DA:26,1
DA:29,1
DA:30,1
DA:31,1
DA:34,0
DA:35,0
DA:39,6
DA:40,3
DA:41,3
DA:43,3
DA:44,2
DA:45,1
DA:47,1
DA:50,1
DA:54,0
DA:58,6
DA:59,2
DA:60,2
DA:62,2
DA:63,1
DA:65,1
DA:69,0
DA:73,6
DA:74,2
DA:75,2
DA:76,2
DA:78,2
DA:79,1
DA:80,0
DA:82,1
DA:84,1
DA:88,0
DA:92,6
DA:93,1
DA:94,1
DA:95,1
DA:97,1
DA:98,1
DA:99,0
DA:101,1
DA:103,0
DA:107,0
DA:111,6
DA:112,1
DA:113,1
DA:115,1
DA:116,1
DA:118,0
DA:122,0
LF:60
LH:48
BRDA:9,0,0,0
BRDA:9,0,1,2
BRDA:19,1,0,2
BRDA:19,1,1,2
BRDA:20,2,0,0
BRDA:20,2,1,2
BRDA:20,3,0,2
BRDA:20,3,1,2
BRDA:23,4,0,1
BRDA:23,4,1,1
BRDA:44,5,0,1
BRDA:44,5,1,1
BRDA:79,6,0,0
BRDA:79,6,1,1
BRDA:98,7,0,0
BRDA:98,7,1,1
BRF:16
BRH:12
end_of_record
TN:
SF:src\controllers\usuarioController.js
FN:6,(anonymous_0)
FN:50,(anonymous_1)
FN:54,(anonymous_2)
FN:61,(anonymous_3)
FN:71,(anonymous_4)
FN:75,(anonymous_5)
FN:78,(anonymous_6)
FN:87,(anonymous_7)
FN:92,(anonymous_8)
FN:98,(anonymous_9)
FN:108,(anonymous_10)
FN:113,(anonymous_11)
FN:118,(anonymous_12)
FN:128,(anonymous_13)
FN:132,(anonymous_14)
FN:134,(anonymous_15)
FNF:16
FNH:13
FNDA:2,(anonymous_0)
FNDA:2,(anonymous_1)
FNDA:1,(anonymous_2)
FNDA:1,(anonymous_3)
FNDA:2,(anonymous_4)
FNDA:1,(anonymous_5)
FNDA:1,(anonymous_6)
FNDA:2,(anonymous_7)
FNDA:1,(anonymous_8)
FNDA:1,(anonymous_9)
FNDA:1,(anonymous_10)
FNDA:0,(anonymous_11)
FNDA:0,(anonymous_12)
FNDA:1,(anonymous_13)
FNDA:1,(anonymous_14)
FNDA:0,(anonymous_15)
DA:6,6
DA:7,2
DA:8,2
DA:9,2
DA:10,2
DA:12,2
DA:17,2
DA:18,0
DA:19,0
DA:21,0
DA:22,0
DA:25,0
DA:26,0
DA:29,0
DA:32,2
DA:33,2
DA:35,2
DA:36,20
DA:39,2
DA:40,20
DA:43,2
DA:46,0
DA:50,6
DA:51,2
DA:52,2
DA:54,2
DA:55,1
DA:56,1
DA:59,0
DA:62,1
DA:67,0
DA:71,6
DA:72,2
DA:73,2
DA:75,2
DA:76,1
DA:79,1
DA:83,0
DA:87,6
DA:88,2
DA:89,2
DA:90,2
DA:92,2
DA:93,1
DA:94,0
DA:96,1
DA:99,1
DA:104,0
DA:108,6
DA:109,1
DA:110,1
DA:111,1
DA:113,1
DA:114,0
DA:115,0
DA:117,0
DA:119,0
DA:123,1
DA:128,6
DA:129,1
DA:130,1
DA:132,1
DA:133,1
DA:135,0
DA:139,0
LF:65
LH:46
BRDA:13,0,0,2
BRDA:13,0,1,2
BRDA:14,1,0,0
BRDA:14,1,1,2
BRDA:14,2,0,2
BRDA:14,2,1,2
BRDA:17,3,0,0
BRDA:17,3,1,2
BRDA:55,4,0,1
BRDA:55,4,1,0
BRDA:93,5,0,0
BRDA:93,5,1,1
BRDA:114,6,0,0
BRDA:114,6,1,0
BRF:14
BRH:8
end_of_record
TN:
SF:src\middlewares\AuthMiddleware.js
FN:3,(anonymous_0)
FN:13,(anonymous_1)
FNF:2
FNH:2
FNDA:41,(anonymous_0)
FNDA:41,(anonymous_1)
DA:3,5
DA:4,41
DA:5,41
DA:7,41
DA:8,0
DA:11,41
DA:13,41
DA:14,41
DA:15,0
DA:18,41
DA:22,0
LF:11
LH:8
BRDA:7,0,0,0
BRDA:7,0,1,41
BRDA:14,1,0,0
BRDA:14,1,1,41
BRF:4
BRH:2
end_of_record
TN:
SF:src\middlewares\AuthPermission.js
FN:9,(anonymous_0)
FN:13,(anonymous_1)
FN:26,(anonymous_2)
FNF:3
FNH:3
FNDA:2,(anonymous_0)
FNDA:2,(anonymous_1)
FNDA:2,(anonymous_2)
DA:7,6
DA:9,6
DA:10,2
DA:11,2
DA:12,2
DA:13,2
DA:14,2
DA:15,0
DA:17,2
DA:19,2
DA:21,0
DA:26,6
DA:27,2
DA:29,2
DA:31,2
DA:32,0
DA:35,2
DA:37,2
DA:38,0
DA:41,2
DA:42,0
DA:45,2
DA:46,0
DA:49,2
DA:51,2
DA:54,2
DA:55,2
DA:56,2
DA:57,2
DA:58,2
DA:59,2
DA:60,2
DA:62,0
DA:63,0
DA:66,0
DA:69,0
DA:75,0
DA:76,0
DA:77,0
DA:78,0
DA:79,0
DA:80,0
DA:81,0
DA:82,0
DA:83,0
DA:85,0
DA:86,0
DA:90,0
DA:95,0
DA:99,0
DA:100,0
LF:51
LH:26
BRDA:12,0,0,2
BRDA:12,0,1,0
BRDA:14,1,0,0
BRDA:14,1,1,2
BRDA:31,2,0,0
BRDA:31,2,1,2
BRDA:37,3,0,0
BRDA:37,3,1,2
BRDA:41,4,0,0
BRDA:41,4,1,2
BRDA:45,5,0,0
BRDA:45,5,1,2
BRDA:55,6,0,2
BRDA:55,6,1,0
BRDA:56,7,0,2
BRDA:56,7,1,0
BRDA:57,8,0,2
BRDA:57,8,1,0
BRDA:76,9,0,0
BRDA:76,9,1,0
BRDA:78,10,0,0
BRDA:78,10,1,0
BRDA:79,11,0,0
BRDA:79,11,1,0
BRDA:80,12,0,0
BRDA:80,12,1,0
BRDA:99,13,0,0
BRDA:99,13,1,0
BRF:28
BRH:9
end_of_record
TN:
SF:src\models\GrupoPorta.js
FNF:0
FNH:0
DA:4,8
DA:18,8
DA:20,8
LF:3
LH:3
BRF:0
BRH:0
end_of_record
TN:
SF:src\models\GrupoUsuario.js
FNF:0
FNH:0
DA:4,7
DA:27,7
DA:29,7
LF:3
LH:3
BRF:0
BRH:0
end_of_record
TN:
SF:src\models\Porta.js
FNF:0
FNH:0
DA:4,6
DA:12,6
DA:14,6
LF:3
LH:3
BRF:0
BRH:0
end_of_record
TN:
SF:src\models\Rota.js
FNF:0
FNH:0
DA:4,6
DA:17,6
DA:19,6
LF:3
LH:3
BRF:0
BRH:0
end_of_record
TN:
SF:src\models\Usuario.js
FNF:0
FNH:0
DA:4,7
DA:45,7
DA:47,7
LF:3
LH:3
BRF:0
BRH:0
end_of_record
TN:
SF:src\routes\grupoPortaRoutes.js
FNF:0
FNH:0
DA:5,5
DA:311,5
LF:2
LH:2
BRF:0
BRH:0
end_of_record
TN:
SF:src\routes\grupoUsuarioRoutes.js
FNF:0
FNH:0
DA:5,5
DA:308,5
LF:2
LH:2
BRF:0
BRH:0
end_of_record
TN:
SF:src\routes\index.js
FN:295,(anonymous_0)
FN:296,(anonymous_1)
FNF:2
FNH:1
FNDA:5,(anonymous_0)
FNDA:0,(anonymous_1)
DA:295,5
DA:296,5
DA:297,0
DA:300,5
LF:4
LH:3
BRF:0
BRH:0
end_of_record
TN:
SF:src\routes\loginRoutes.js
FNF:0
FNH:0
DA:4,5
DA:60,5
LF:2
LH:2
BRF:0
BRH:0
end_of_record
TN:
SF:src\routes\portaRoutes.js
FNF:0
FNH:0
DA:5,5
DA:316,5
LF:2
LH:2
BRF:0
BRH:0
end_of_record
TN:
SF:src\routes\rotaRoutes.js
FNF:0
FNH:0
DA:5,5
DA:352,5
LF:2
LH:2
BRF:0
BRH:0
end_of_record
TN:
SF:src\routes\usuarioRoutes.js
FNF:0
FNH:0
DA:5,5
DA:338,5
LF:2
LH:2
BRF:0
BRH:0
end_of_record
